mode: set
pixly/core/converter/advanced_pool.go:68.57,71.19 2 1
pixly/core/converter/advanced_pool.go:71.19,73.3 1 0
pixly/core/converter/advanced_pool.go:75.2,91.3 1 1
pixly/core/converter/advanced_pool.go:123.93,124.19 1 1
pixly/core/converter/advanced_pool.go:124.19,126.3 1 0
pixly/core/converter/advanced_pool.go:129.2,129.29 1 1
pixly/core/converter/advanced_pool.go:129.29,132.30 3 0
pixly/core/converter/advanced_pool.go:132.30,134.4 1 0
pixly/core/converter/advanced_pool.go:136.2,136.25 1 1
pixly/core/converter/advanced_pool.go:136.25,139.27 3 0
pixly/core/converter/advanced_pool.go:139.27,141.4 1 0
pixly/core/converter/advanced_pool.go:143.2,143.25 1 1
pixly/core/converter/advanced_pool.go:143.25,145.3 1 0
pixly/core/converter/advanced_pool.go:147.2,147.41 1 1
pixly/core/converter/advanced_pool.go:147.41,149.3 1 0
pixly/core/converter/advanced_pool.go:150.2,150.41 1 1
pixly/core/converter/advanced_pool.go:150.41,152.3 1 0
pixly/core/converter/advanced_pool.go:155.2,155.41 1 1
pixly/core/converter/advanced_pool.go:155.41,157.3 1 0
pixly/core/converter/advanced_pool.go:158.2,158.32 1 1
pixly/core/converter/advanced_pool.go:158.32,160.3 1 0
pixly/core/converter/advanced_pool.go:161.2,161.38 1 1
pixly/core/converter/advanced_pool.go:161.38,163.3 1 0
pixly/core/converter/advanced_pool.go:164.2,164.38 1 1
pixly/core/converter/advanced_pool.go:164.38,166.3 1 0
pixly/core/converter/advanced_pool.go:167.2,167.32 1 1
pixly/core/converter/advanced_pool.go:167.32,169.3 1 0
pixly/core/converter/advanced_pool.go:170.2,170.35 1 1
pixly/core/converter/advanced_pool.go:170.35,172.3 1 0
pixly/core/converter/advanced_pool.go:174.2,182.37 2 1
pixly/core/converter/advanced_pool.go:182.37,184.4 1 0
pixly/core/converter/advanced_pool.go:186.2,186.16 1 1
pixly/core/converter/advanced_pool.go:186.16,189.3 2 0
pixly/core/converter/advanced_pool.go:192.2,205.27 3 1
pixly/core/converter/advanced_pool.go:205.27,209.31 3 1
pixly/core/converter/advanced_pool.go:209.31,211.4 1 0
pixly/core/converter/advanced_pool.go:212.3,212.73 1 1
pixly/core/converter/advanced_pool.go:212.73,214.4 1 1
pixly/core/converter/advanced_pool.go:216.3,216.28 1 1
pixly/core/converter/advanced_pool.go:220.2,220.47 1 1
pixly/core/converter/advanced_pool.go:220.47,223.3 2 0
pixly/core/converter/advanced_pool.go:226.2,229.26 2 1
pixly/core/converter/advanced_pool.go:229.26,232.3 2 1
pixly/core/converter/advanced_pool.go:235.2,240.16 3 1
pixly/core/converter/advanced_pool.go:244.51,246.2 1 0
pixly/core/converter/advanced_pool.go:249.61,259.81 2 0
pixly/core/converter/advanced_pool.go:259.81,261.3 1 0
pixly/core/converter/advanced_pool.go:264.2,265.16 2 0
pixly/core/converter/advanced_pool.go:265.16,269.3 2 0
pixly/core/converter/advanced_pool.go:272.2,272.12 1 0
pixly/core/converter/advanced_pool.go:276.101,277.30 1 0
pixly/core/converter/advanced_pool.go:277.30,287.7 3 0
pixly/core/converter/advanced_pool.go:287.7,288.11 1 0
pixly/core/converter/advanced_pool.go:289.53,292.15 3 0
pixly/core/converter/advanced_pool.go:293.25,294.38 1 0
pixly/core/converter/advanced_pool.go:295.12,296.35 1 0
pixly/core/converter/advanced_pool.go:296.35,302.6 2 0
pixly/core/converter/advanced_pool.go:303.5,303.47 1 0
pixly/core/converter/advanced_pool.go:306.8,309.3 1 0
pixly/core/converter/advanced_pool.go:313.72,318.18 3 0
pixly/core/converter/advanced_pool.go:318.18,319.82 1 0
pixly/core/converter/advanced_pool.go:319.82,321.4 1 0
pixly/core/converter/advanced_pool.go:325.2,325.31 1 0
pixly/core/converter/advanced_pool.go:325.31,333.33 5 0
pixly/core/converter/advanced_pool.go:333.33,334.17 1 0
pixly/core/converter/advanced_pool.go:334.17,335.33 1 0
pixly/core/converter/advanced_pool.go:335.33,339.6 3 0
pixly/core/converter/advanced_pool.go:341.4,342.14 2 0
pixly/core/converter/advanced_pool.go:345.3,348.19 2 0
pixly/core/converter/advanced_pool.go:348.19,349.22 1 0
pixly/core/converter/advanced_pool.go:349.22,351.5 1 0
pixly/core/converter/advanced_pool.go:351.10,354.5 2 0
pixly/core/converter/advanced_pool.go:355.9,356.22 1 0
pixly/core/converter/advanced_pool.go:356.22,358.5 1 0
pixly/core/converter/advanced_pool.go:362.3,362.30 1 0
pixly/core/converter/advanced_pool.go:362.30,367.36 4 0
pixly/core/converter/advanced_pool.go:367.36,369.5 1 0
pixly/core/converter/advanced_pool.go:370.4,370.36 1 0
pixly/core/converter/advanced_pool.go:370.36,372.5 1 0
pixly/core/converter/advanced_pool.go:373.4,373.26 1 0
pixly/core/converter/advanced_pool.go:377.2,377.16 1 0
pixly/core/converter/advanced_pool.go:377.16,379.3 1 0
pixly/core/converter/advanced_pool.go:382.2,382.42 1 0
pixly/core/converter/advanced_pool.go:382.42,384.31 2 0
pixly/core/converter/advanced_pool.go:384.31,388.34 3 0
pixly/core/converter/advanced_pool.go:388.34,389.18 1 0
pixly/core/converter/advanced_pool.go:389.18,390.34 1 0
pixly/core/converter/advanced_pool.go:390.34,394.7 3 0
pixly/core/converter/advanced_pool.go:396.5,397.15 2 0
pixly/core/converter/advanced_pool.go:400.4,400.20 1 0
pixly/core/converter/advanced_pool.go:400.20,401.23 1 0
pixly/core/converter/advanced_pool.go:401.23,403.6 1 0
pixly/core/converter/advanced_pool.go:403.11,406.6 2 0
pixly/core/converter/advanced_pool.go:407.10,408.23 1 0
pixly/core/converter/advanced_pool.go:408.23,410.6 1 0
pixly/core/converter/advanced_pool.go:415.2,415.16 1 0
pixly/core/converter/advanced_pool.go:415.16,418.19 2 0
pixly/core/converter/advanced_pool.go:418.19,420.4 1 0
pixly/core/converter/advanced_pool.go:423.2,423.12 1 0
pixly/core/converter/advanced_pool.go:427.45,428.15 1 1
pixly/core/converter/advanced_pool.go:428.15,429.31 1 1
pixly/core/converter/advanced_pool.go:429.32,431.4 0 0
pixly/core/converter/advanced_pool.go:434.2,434.6 1 1
pixly/core/converter/advanced_pool.go:434.6,435.10 1 1
pixly/core/converter/advanced_pool.go:436.24,437.10 1 0
pixly/core/converter/advanced_pool.go:438.11,442.74 2 1
pixly/core/converter/advanced_pool.go:442.74,443.12 1 1
pixly/core/converter/advanced_pool.go:444.26,445.12 1 0
pixly/core/converter/advanced_pool.go:446.52,447.13 1 0
pixly/core/converter/advanced_pool.go:447.13,450.7 1 0
pixly/core/converter/advanced_pool.go:451.6,455.20 3 0
pixly/core/converter/advanced_pool.go:455.20,461.38 2 0
pixly/core/converter/advanced_pool.go:461.38,463.15 2 0
pixly/core/converter/advanced_pool.go:464.54,464.54 0 0
pixly/core/converter/advanced_pool.go:465.29,466.15 1 0
pixly/core/converter/advanced_pool.go:467.16,469.52 1 0
pixly/core/converter/advanced_pool.go:472.13,474.7 0 0
pixly/core/converter/advanced_pool.go:475.6,476.24 2 0
pixly/core/converter/advanced_pool.go:477.13,477.13 0 1
pixly/core/converter/advanced_pool.go:483.4,483.18 1 1
pixly/core/converter/advanced_pool.go:483.18,484.12 1 1
pixly/core/converter/advanced_pool.go:485.26,486.12 1 1
pixly/core/converter/advanced_pool.go:487.46,487.46 0 1
pixly/core/converter/advanced_pool.go:496.35,497.6 1 1
pixly/core/converter/advanced_pool.go:497.6,498.10 1 1
pixly/core/converter/advanced_pool.go:499.24,500.10 1 1
pixly/core/converter/advanced_pool.go:501.29,503.19 2 0
pixly/core/converter/advanced_pool.go:509.41,515.31 4 0
pixly/core/converter/advanced_pool.go:515.31,517.41 2 0
pixly/core/converter/advanced_pool.go:517.41,519.4 1 0
pixly/core/converter/advanced_pool.go:520.3,520.80 1 0
pixly/core/converter/advanced_pool.go:523.2,523.31 1 0
pixly/core/converter/advanced_pool.go:523.31,525.41 2 0
pixly/core/converter/advanced_pool.go:525.41,527.4 1 0
pixly/core/converter/advanced_pool.go:528.3,528.80 1 0
pixly/core/converter/advanced_pool.go:530.2,532.36 2 0
pixly/core/converter/advanced_pool.go:536.38,539.21 2 0
pixly/core/converter/advanced_pool.go:539.22,541.3 0 0
pixly/core/converter/advanced_pool.go:545.37,546.6 1 1
pixly/core/converter/advanced_pool.go:546.6,547.10 1 1
pixly/core/converter/advanced_pool.go:548.24,549.10 1 1
pixly/core/converter/advanced_pool.go:550.27,551.25 1 0
pixly/core/converter/advanced_pool.go:557.44,563.80 4 0
pixly/core/converter/advanced_pool.go:563.80,565.34 2 0
pixly/core/converter/advanced_pool.go:565.34,567.4 1 0
pixly/core/converter/advanced_pool.go:568.3,568.28 1 0
pixly/core/converter/advanced_pool.go:568.28,571.4 1 0
pixly/core/converter/advanced_pool.go:575.2,575.82 1 0
pixly/core/converter/advanced_pool.go:575.82,577.34 2 0
pixly/core/converter/advanced_pool.go:577.34,579.4 1 0
pixly/core/converter/advanced_pool.go:580.3,580.28 1 0
pixly/core/converter/advanced_pool.go:580.28,583.4 1 0
pixly/core/converter/advanced_pool.go:588.51,593.27 3 0
pixly/core/converter/advanced_pool.go:593.27,602.3 6 0
pixly/core/converter/advanced_pool.go:605.2,606.17 2 0
pixly/core/converter/advanced_pool.go:610.62,621.2 1 0
pixly/core/converter/advanced_pool.go:624.40,625.30 1 0
pixly/core/converter/advanced_pool.go:625.30,627.3 1 0
pixly/core/converter/advanced_pool.go:628.2,628.30 1 0
pixly/core/converter/advanced_pool.go:628.30,630.3 1 0
pixly/core/converter/advanced_pool.go:631.2,631.20 1 0
pixly/core/converter/advanced_pool.go:636.39,646.29 4 1
pixly/core/converter/advanced_pool.go:646.29,648.3 1 1
pixly/core/converter/advanced_pool.go:649.2,649.27 1 1
pixly/core/converter/advanced_pool.go:649.27,651.3 1 1
pixly/core/converter/advanced_pool.go:654.2,654.30 1 1
pixly/core/converter/advanced_pool.go:654.30,656.43 2 1
pixly/core/converter/advanced_pool.go:656.43,658.11 1 1
pixly/core/converter/advanced_pool.go:659.17,659.17 0 0
pixly/core/converter/advanced_pool.go:661.12,661.12 0 1
pixly/core/converter/advanced_pool.go:663.4,663.16 1 1
pixly/core/converter/advanced_pool.go:665.3,665.25 1 1
pixly/core/converter/advanced_pool.go:669.2,672.12 2 1
pixly/core/converter/atomic_ops.go:23.123,29.2 1 1
pixly/core/converter/atomic_ops.go:38.102,43.66 2 0
pixly/core/converter/atomic_ops.go:43.66,45.3 1 0
pixly/core/converter/atomic_ops.go:48.2,50.16 3 0
pixly/core/converter/atomic_ops.go:50.16,52.3 1 0
pixly/core/converter/atomic_ops.go:55.2,56.15 2 0
pixly/core/converter/atomic_ops.go:56.15,58.22 1 0
pixly/core/converter/atomic_ops.go:58.22,59.43 1 0
pixly/core/converter/atomic_ops.go:59.43,61.5 1 0
pixly/core/converter/atomic_ops.go:62.4,62.69 1 0
pixly/core/converter/atomic_ops.go:62.69,64.5 1 0
pixly/core/converter/atomic_ops.go:69.2,69.51 1 0
pixly/core/converter/atomic_ops.go:69.51,71.3 1 0
pixly/core/converter/atomic_ops.go:74.2,74.40 1 0
pixly/core/converter/atomic_ops.go:74.40,76.3 1 0
pixly/core/converter/atomic_ops.go:79.2,79.41 1 0
pixly/core/converter/atomic_ops.go:79.41,81.3 1 0
pixly/core/converter/atomic_ops.go:84.2,84.53 1 0
pixly/core/converter/atomic_ops.go:84.53,86.3 1 0
pixly/core/converter/atomic_ops.go:89.2,93.37 3 0
pixly/core/converter/atomic_ops.go:93.37,95.3 1 0
pixly/core/converter/atomic_ops.go:98.2,98.68 1 0
pixly/core/converter/atomic_ops.go:98.68,100.3 1 0
pixly/core/converter/atomic_ops.go:104.2,104.12 1 0
pixly/core/converter/atomic_ops.go:108.114,113.66 2 0
pixly/core/converter/atomic_ops.go:113.66,115.3 1 0
pixly/core/converter/atomic_ops.go:118.2,120.16 3 0
pixly/core/converter/atomic_ops.go:120.16,122.3 1 0
pixly/core/converter/atomic_ops.go:125.2,126.15 2 0
pixly/core/converter/atomic_ops.go:126.15,128.22 1 0
pixly/core/converter/atomic_ops.go:128.22,129.43 1 0
pixly/core/converter/atomic_ops.go:129.43,131.5 1 0
pixly/core/converter/atomic_ops.go:132.4,132.69 1 0
pixly/core/converter/atomic_ops.go:132.69,134.5 1 0
pixly/core/converter/atomic_ops.go:139.2,139.51 1 0
pixly/core/converter/atomic_ops.go:139.51,141.3 1 0
pixly/core/converter/atomic_ops.go:144.2,144.40 1 0
pixly/core/converter/atomic_ops.go:144.40,146.3 1 0
pixly/core/converter/atomic_ops.go:149.2,149.41 1 0
pixly/core/converter/atomic_ops.go:149.41,151.3 1 0
pixly/core/converter/atomic_ops.go:154.2,154.63 1 0
pixly/core/converter/atomic_ops.go:154.63,156.3 1 0
pixly/core/converter/atomic_ops.go:159.2,159.53 1 0
pixly/core/converter/atomic_ops.go:159.53,161.3 1 0
pixly/core/converter/atomic_ops.go:164.2,168.37 3 0
pixly/core/converter/atomic_ops.go:168.37,170.3 1 0
pixly/core/converter/atomic_ops.go:173.2,173.68 1 0
pixly/core/converter/atomic_ops.go:173.68,175.3 1 0
pixly/core/converter/atomic_ops.go:179.2,179.24 1 0
pixly/core/converter/atomic_ops.go:179.24,182.3 1 0
pixly/core/converter/atomic_ops.go:182.8,184.44 1 0
pixly/core/converter/atomic_ops.go:184.44,187.4 2 0
pixly/core/converter/atomic_ops.go:188.3,188.77 1 0
pixly/core/converter/atomic_ops.go:193.2,193.12 1 0
pixly/core/converter/atomic_ops.go:197.87,199.52 1 0
pixly/core/converter/atomic_ops.go:199.52,204.3 4 0
pixly/core/converter/atomic_ops.go:207.2,208.16 2 0
pixly/core/converter/atomic_ops.go:208.16,210.3 1 0
pixly/core/converter/atomic_ops.go:212.2,212.25 1 0
pixly/core/converter/atomic_ops.go:212.25,217.3 4 0
pixly/core/converter/atomic_ops.go:220.2,220.50 1 0
pixly/core/converter/atomic_ops.go:220.50,223.40 1 0
pixly/core/converter/atomic_ops.go:223.40,227.4 1 0
pixly/core/converter/atomic_ops.go:230.2,230.12 1 0
pixly/core/converter/atomic_ops.go:234.87,236.74 1 0
pixly/core/converter/atomic_ops.go:236.74,241.3 4 0
pixly/core/converter/atomic_ops.go:245.2,253.16 4 0
pixly/core/converter/atomic_ops.go:253.16,255.3 1 0
pixly/core/converter/atomic_ops.go:259.2,259.12 1 0
pixly/core/converter/atomic_ops.go:263.32,266.16 2 0
pixly/core/converter/atomic_ops.go:266.16,268.3 1 0
pixly/core/converter/atomic_ops.go:269.2,269.15 1 0
pixly/core/converter/atomic_ops.go:269.15,270.35 1 0
pixly/core/converter/atomic_ops.go:270.36,272.4 0 0
pixly/core/converter/atomic_ops.go:276.2,276.33 1 0
pixly/core/converter/atomic_ops.go:276.33,278.3 1 0
pixly/core/converter/atomic_ops.go:280.2,280.12 1 0
pixly/core/converter/atomic_ops.go:284.92,296.40 3 0
pixly/core/converter/atomic_ops.go:296.40,299.38 2 0
pixly/core/converter/atomic_ops.go:299.38,301.4 1 0
pixly/core/converter/atomic_ops.go:305.3,305.36 1 0
pixly/core/converter/atomic_ops.go:306.8,308.3 1 0
pixly/core/converter/atomic_ops.go:310.2,310.35 1 0
pixly/core/converter/atomic_ops.go:310.35,318.3 7 0
pixly/core/converter/atomic_ops.go:322.2,322.12 1 0
pixly/core/converter/batch_processor.go:44.96,46.16 2 0
pixly/core/converter/batch_processor.go:46.16,48.3 1 0
pixly/core/converter/batch_processor.go:49.2,54.25 4 0
pixly/core/converter/batch_processor.go:54.25,56.3 1 0
pixly/core/converter/batch_processor.go:59.2,59.9 1 0
pixly/core/converter/batch_processor.go:60.57,61.21 1 0
pixly/core/converter/batch_processor.go:62.63,63.21 1 0
pixly/core/converter/batch_processor.go:64.63,65.21 1 0
pixly/core/converter/batch_processor.go:66.111,67.22 1 0
pixly/core/converter/batch_processor.go:68.87,69.21 1 0
pixly/core/converter/batch_processor.go:70.87,71.21 1 0
pixly/core/converter/batch_processor.go:72.63,73.21 1 0
pixly/core/converter/batch_processor.go:74.57,75.21 1 0
pixly/core/converter/batch_processor.go:76.63,77.21 1 0
pixly/core/converter/batch_processor.go:78.10,79.19 1 0
pixly/core/converter/batch_processor.go:84.73,85.29 1 0
pixly/core/converter/batch_processor.go:85.29,87.55 1 0
pixly/core/converter/batch_processor.go:87.55,89.4 1 0
pixly/core/converter/batch_processor.go:92.3,92.47 1 0
pixly/core/converter/batch_processor.go:92.47,94.4 1 0
pixly/core/converter/batch_processor.go:94.9,96.4 1 0
pixly/core/converter/batch_processor.go:98.2,98.12 1 0
pixly/core/converter/batch_processor.go:102.72,107.29 2 0
pixly/core/converter/batch_processor.go:107.29,110.43 2 0
pixly/core/converter/batch_processor.go:110.43,114.4 2 0
pixly/core/converter/batch_processor.go:118.2,118.23 1 0
pixly/core/converter/batch_processor.go:118.23,120.3 1 0
pixly/core/converter/batch_processor.go:122.2,122.12 1 0
pixly/core/converter/batch_processor.go:126.74,128.16 2 0
pixly/core/converter/batch_processor.go:128.16,130.3 1 0
pixly/core/converter/batch_processor.go:131.2,134.16 3 0
pixly/core/converter/batch_processor.go:134.16,136.3 1 0
pixly/core/converter/batch_processor.go:137.2,140.12 3 0
pixly/core/converter/batch_processor.go:144.70,145.50 1 0
pixly/core/converter/batch_processor.go:145.50,146.48 1 0
pixly/core/converter/batch_processor.go:146.48,148.4 1 0
pixly/core/converter/batch_processor.go:153.71,154.39 1 0
pixly/core/converter/batch_processor.go:154.39,156.3 1 0
pixly/core/converter/batch_processor.go:160.82,176.2 1 0
pixly/core/converter/batch_processor.go:179.65,185.16 2 0
pixly/core/converter/batch_processor.go:185.16,187.3 1 0
pixly/core/converter/batch_processor.go:191.2,192.80 2 0
pixly/core/converter/batch_processor.go:192.80,194.3 1 0
pixly/core/converter/batch_processor.go:197.2,204.29 4 0
pixly/core/converter/batch_processor.go:204.29,209.84 2 0
pixly/core/converter/batch_processor.go:209.84,212.12 3 0
pixly/core/converter/batch_processor.go:216.3,216.96 1 0
pixly/core/converter/batch_processor.go:216.96,218.4 1 0
pixly/core/converter/batch_processor.go:221.3,221.100 1 0
pixly/core/converter/batch_processor.go:221.100,223.4 1 0
pixly/core/converter/batch_processor.go:226.3,226.38 1 0
pixly/core/converter/batch_processor.go:230.2,230.75 1 0
pixly/core/converter/batch_processor.go:230.75,232.3 1 0
pixly/core/converter/batch_processor.go:234.2,234.79 1 0
pixly/core/converter/batch_processor.go:234.79,236.3 1 0
pixly/core/converter/batch_processor.go:239.2,239.27 1 0
pixly/core/converter/batch_processor.go:239.27,241.44 2 0
pixly/core/converter/batch_processor.go:241.44,262.4 5 0
pixly/core/converter/batch_processor.go:263.3,263.20 1 0
pixly/core/converter/batch_processor.go:267.2,278.12 8 0
pixly/core/converter/batch_processor.go:282.74,286.43 2 0
pixly/core/converter/batch_processor.go:286.43,287.31 1 0
pixly/core/converter/batch_processor.go:287.31,289.4 1 0
pixly/core/converter/batch_processor.go:291.2,291.14 1 0
pixly/core/converter/batch_processor.go:295.78,301.2 1 0
pixly/core/converter/batch_processor.go:305.118,324.16 9 0
pixly/core/converter/batch_processor.go:324.16,326.3 1 0
pixly/core/converter/batch_processor.go:328.2,328.106 1 0
pixly/core/converter/batch_processor.go:328.106,329.17 1 0
pixly/core/converter/batch_processor.go:329.17,332.4 2 0
pixly/core/converter/batch_processor.go:334.3,334.19 1 0
pixly/core/converter/batch_processor.go:334.19,336.4 1 0
pixly/core/converter/batch_processor.go:339.3,344.26 2 0
pixly/core/converter/batch_processor.go:344.26,346.4 1 0
pixly/core/converter/batch_processor.go:349.3,349.38 1 0
pixly/core/converter/batch_processor.go:349.38,351.4 1 0
pixly/core/converter/batch_processor.go:355.3,356.21 2 0
pixly/core/converter/batch_processor.go:356.21,359.4 2 0
pixly/core/converter/batch_processor.go:360.3,364.25 3 0
pixly/core/converter/batch_processor.go:364.25,366.4 1 0
pixly/core/converter/batch_processor.go:366.9,366.30 1 0
pixly/core/converter/batch_processor.go:366.30,368.4 1 0
pixly/core/converter/batch_processor.go:368.9,368.41 1 0
pixly/core/converter/batch_processor.go:368.41,370.4 1 0
pixly/core/converter/batch_processor.go:372.3,372.22 1 0
pixly/core/converter/batch_processor.go:372.22,373.88 1 0
pixly/core/converter/batch_processor.go:373.88,376.50 2 0
pixly/core/converter/batch_processor.go:376.50,407.6 8 0
pixly/core/converter/batch_processor.go:409.5,413.23 2 0
pixly/core/converter/batch_processor.go:418.3,418.39 1 0
pixly/core/converter/batch_processor.go:418.39,464.4 15 0
pixly/core/converter/batch_processor.go:466.3,505.13 15 0
pixly/core/converter/batch_processor.go:517.2,517.27 1 0
pixly/core/converter/batch_processor.go:517.27,519.44 2 0
pixly/core/converter/batch_processor.go:519.44,541.4 4 0
pixly/core/converter/batch_processor.go:542.3,542.20 1 0
pixly/core/converter/batch_processor.go:548.2,549.64 2 0
pixly/core/converter/batch_processor.go:553.87,555.15 1 0
pixly/core/converter/batch_processor.go:555.15,556.31 1 0
pixly/core/converter/batch_processor.go:556.31,566.4 6 0
pixly/core/converter/batch_processor.go:570.2,570.45 1 0
pixly/core/converter/batch_processor.go:570.45,572.3 1 0
pixly/core/converter/batch_processor.go:574.2,575.16 2 0
pixly/core/converter/batch_processor.go:575.16,577.3 1 0
pixly/core/converter/batch_processor.go:578.2,578.15 1 0
pixly/core/converter/batch_processor.go:578.15,579.38 1 0
pixly/core/converter/batch_processor.go:579.38,583.4 1 0
pixly/core/converter/batch_processor.go:587.2,592.37 4 0
pixly/core/converter/batch_processor.go:592.37,596.3 1 0
pixly/core/converter/batch_processor.go:596.8,599.3 1 0
pixly/core/converter/batch_processor.go:601.2,602.63 2 0
pixly/core/converter/batch_processor.go:602.63,604.3 1 0
pixly/core/converter/batch_processor.go:606.2,609.30 4 0
pixly/core/converter/batch_processor.go:609.30,610.13 1 0
pixly/core/converter/batch_processor.go:610.13,612.4 1 0
pixly/core/converter/batch_processor.go:613.3,613.61 1 0
pixly/core/converter/batch_processor.go:615.2,615.34 1 0
pixly/core/converter/batch_processor.go:669.119,673.29 3 0
pixly/core/converter/batch_processor.go:673.29,678.24 3 0
pixly/core/converter/batch_processor.go:678.24,681.28 3 0
pixly/core/converter/batch_processor.go:681.28,683.5 1 0
pixly/core/converter/batch_processor.go:683.10,685.5 1 0
pixly/core/converter/batch_processor.go:686.4,687.12 2 0
pixly/core/converter/batch_processor.go:691.3,695.16 3 0
pixly/core/converter/batch_processor.go:695.16,698.4 2 0
pixly/core/converter/batch_processor.go:698.9,698.32 1 0
pixly/core/converter/batch_processor.go:698.32,704.4 5 0
pixly/core/converter/batch_processor.go:707.3,707.72 1 0
pixly/core/converter/batch_processor.go:707.72,708.107 1 0
pixly/core/converter/batch_processor.go:708.107,717.61 7 0
pixly/core/converter/batch_processor.go:717.61,720.6 2 0
pixly/core/converter/batch_processor.go:725.3,725.21 1 0
pixly/core/converter/batch_processor.go:725.21,728.4 2 0
pixly/core/converter/batch_processor.go:728.9,728.39 1 0
pixly/core/converter/batch_processor.go:728.39,735.4 6 0
pixly/core/converter/batch_processor.go:738.3,740.80 2 0
pixly/core/converter/batch_processor.go:740.80,743.4 2 0
pixly/core/converter/batch_processor.go:746.3,746.46 1 0
pixly/core/converter/batch_processor.go:746.46,749.4 2 0
pixly/core/converter/batch_processor.go:752.3,756.44 3 0
pixly/core/converter/batch_processor.go:756.44,759.4 1 0
pixly/core/converter/batch_processor.go:759.9,762.4 1 0
pixly/core/converter/batch_processor.go:766.2,766.23 1 0
pixly/core/converter/batch_processor.go:770.128,780.17 4 0
pixly/core/converter/batch_processor.go:780.17,783.3 2 0
pixly/core/converter/batch_processor.go:786.2,790.38 3 0
pixly/core/converter/batch_processor.go:790.38,792.10 1 0
pixly/core/converter/batch_processor.go:793.34,795.33 1 0
pixly/core/converter/batch_processor.go:796.11,796.11 0 0
pixly/core/converter/batch_processor.go:799.3,801.29 3 0
pixly/core/converter/batch_processor.go:801.29,810.14 5 0
pixly/core/converter/batch_processor.go:810.14,811.18 1 0
pixly/core/converter/batch_processor.go:811.18,813.6 1 0
pixly/core/converter/batch_processor.go:816.5,817.19 2 0
pixly/core/converter/batch_processor.go:817.19,820.61 2 0
pixly/core/converter/batch_processor.go:820.61,822.7 1 0
pixly/core/converter/batch_processor.go:823.6,823.12 1 0
pixly/core/converter/batch_processor.go:827.5,827.60 1 0
pixly/core/converter/batch_processor.go:827.60,836.6 8 0
pixly/core/converter/batch_processor.go:840.4,840.11 1 0
pixly/core/converter/batch_processor.go:841.22,845.65 2 0
pixly/core/converter/batch_processor.go:845.65,847.6 1 0
pixly/core/converter/batch_processor.go:848.16,848.16 0 0
pixly/core/converter/batch_processor.go:853.4,864.28 9 0
pixly/core/converter/batch_processor.go:864.29,866.5 0 0
pixly/core/converter/batch_processor.go:869.3,869.17 1 0
pixly/core/converter/batch_processor.go:869.17,872.4 2 0
pixly/core/converter/batch_processor.go:876.2,879.12 2 0
pixly/core/converter/batch_processor.go:883.77,885.102 1 0
pixly/core/converter/batch_processor.go:885.102,887.3 1 0
pixly/core/converter/batch_processor.go:890.2,900.16 4 0
pixly/core/converter/batch_processor.go:900.16,902.3 1 0
pixly/core/converter/batch_processor.go:905.2,921.59 2 0
pixly/core/converter/batch_processor.go:921.59,923.3 1 0
pixly/core/converter/batch_processor.go:925.2,937.52 2 0
pixly/core/converter/batch_processor.go:937.52,940.3 2 0
pixly/core/converter/batch_processor.go:943.2,943.32 1 0
pixly/core/converter/batch_processor.go:943.32,945.71 1 0
pixly/core/converter/batch_processor.go:945.71,947.4 1 0
pixly/core/converter/batch_processor.go:947.9,950.4 2 0
pixly/core/converter/batch_processor.go:953.3,953.85 1 0
pixly/core/converter/batch_processor.go:954.8,958.3 3 0
pixly/core/converter/batch_processor.go:961.2,964.43 2 0
pixly/core/converter/batch_processor.go:964.43,965.34 1 0
pixly/core/converter/batch_processor.go:965.34,967.64 1 0
pixly/core/converter/batch_processor.go:967.64,970.5 2 0
pixly/core/converter/batch_processor.go:971.4,971.9 1 0
pixly/core/converter/batch_processor.go:975.2,975.23 1 0
pixly/core/converter/batch_processor.go:986.9,990.33 2 0
pixly/core/converter/batch_processor.go:990.33,991.44 1 0
pixly/core/converter/batch_processor.go:991.44,992.33 1 0
pixly/core/converter/batch_processor.go:992.33,994.5 1 0
pixly/core/converter/batch_processor.go:997.2,997.14 1 0
pixly/core/converter/batch_processor.go:1001.84,1005.51 2 0
pixly/core/converter/batch_processor.go:1005.51,1006.30 1 0
pixly/core/converter/batch_processor.go:1006.30,1008.4 1 0
pixly/core/converter/batch_processor.go:1010.2,1010.14 1 0
pixly/core/converter/batch_processor.go:1028.100,1029.16 1 0
pixly/core/converter/batch_processor.go:1030.20,1031.30 1 0
pixly/core/converter/batch_processor.go:1032.25,1033.30 1 0
pixly/core/converter/batch_processor.go:1034.10,1036.13 1 0
pixly/core/converter/batch_processor.go:1040.70,1042.29 1 0
pixly/core/converter/batch_processor.go:1042.29,1043.46 1 0
pixly/core/converter/batch_processor.go:1043.46,1045.4 1 0
pixly/core/converter/batch_processor.go:1045.10,1047.4 0 0
pixly/core/converter/batch_processor.go:1049.2,1049.12 1 0
pixly/core/converter/batch_processor.go:1052.70,1053.21 1 0
pixly/core/converter/batch_processor.go:1053.21,1055.3 1 0
pixly/core/converter/batch_processor.go:1057.2,1058.16 2 0
pixly/core/converter/batch_processor.go:1058.16,1060.3 1 0
pixly/core/converter/batch_processor.go:1062.2,1063.16 2 0
pixly/core/converter/batch_processor.go:1063.16,1065.3 1 0
pixly/core/converter/batch_processor.go:1067.2,1067.52 1 0
pixly/core/converter/batch_processor.go:1067.52,1069.3 1 0
pixly/core/converter/batch_processor.go:1072.2,1072.29 1 0
pixly/core/converter/batch_processor.go:1072.29,1074.17 2 0
pixly/core/converter/batch_processor.go:1074.17,1076.12 2 0
pixly/core/converter/batch_processor.go:1079.3,1080.17 2 0
pixly/core/converter/batch_processor.go:1080.17,1082.12 2 0
pixly/core/converter/batch_processor.go:1085.3,1085.57 1 0
pixly/core/converter/batch_processor.go:1085.57,1087.4 1 0
pixly/core/converter/batch_processor.go:1087.10,1089.4 0 0
pixly/core/converter/batch_processor.go:1091.2,1091.12 1 0
pixly/core/converter/batch_processor.go:1094.56,1096.33 2 0
pixly/core/converter/batch_processor.go:1096.33,1099.3 2 0
pixly/core/converter/batch_processor.go:1101.2,1107.70 5 0
pixly/core/converter/batch_processor.go:1107.70,1110.3 2 0
pixly/core/converter/batch_processor.go:1113.2,1113.59 1 0
pixly/core/converter/batch_processor.go:1113.59,1115.3 1 0
pixly/core/converter/batch_processor.go:1117.2,1117.12 1 0
pixly/core/converter/batch_processor.go:1120.83,1123.18 2 0
pixly/core/converter/batch_processor.go:1124.16,1125.22 1 0
pixly/core/converter/batch_processor.go:1126.23,1127.27 1 0
pixly/core/converter/batch_processor.go:1128.16,1129.22 1 0
pixly/core/converter/batch_processor.go:1130.10,1131.36 1 0
pixly/core/converter/batch_processor.go:1135.84,1138.29 1 0
pixly/core/converter/batch_processor.go:1138.29,1140.3 1 0
pixly/core/converter/batch_processor.go:1142.2,1148.12 6 0
pixly/core/converter/batch_processor.go:1148.12,1150.17 2 0
pixly/core/converter/batch_processor.go:1150.17,1153.4 2 0
pixly/core/converter/batch_processor.go:1154.3,1154.61 1 0
pixly/core/converter/batch_processor.go:1157.2,1161.9 4 0
pixly/core/converter/batch_processor.go:1162.28,1162.28 0 0
pixly/core/converter/batch_processor.go:1163.17,1165.15 2 0
pixly/core/converter/batch_processor.go:1168.2,1168.16 1 0
pixly/core/converter/batch_processor.go:1169.11,1171.22 2 0
pixly/core/converter/batch_processor.go:1172.10,1174.22 2 0
pixly/core/converter/batch_processor.go:1178.81,1183.38 4 0
pixly/core/converter/batch_processor.go:1183.38,1185.3 1 0
pixly/core/converter/batch_processor.go:1187.2,1188.36 2 0
pixly/core/converter/batch_processor.go:1188.36,1189.33 1 0
pixly/core/converter/batch_processor.go:1189.33,1191.4 1 0
pixly/core/converter/batch_processor.go:1194.2,1195.43 2 0
pixly/core/converter/batch_processor.go:1199.52,1205.25 5 0
pixly/core/converter/batch_processor.go:1205.25,1209.35 2 0
pixly/core/converter/batch_processor.go:1209.35,1211.4 1 0
pixly/core/converter/batch_processor.go:1212.3,1213.13 2 0
pixly/core/converter/batch_processor.go:1219.2,1219.58 1 0
pixly/core/converter/batch_processor.go:1219.58,1221.3 1 0
pixly/core/converter/batch_processor.go:1224.2,1224.57 1 0
pixly/core/converter/batch_processor.go:1224.57,1226.3 1 0
pixly/core/converter/batch_processor.go:1229.2,1229.12 1 0
pixly/core/converter/batch_processor.go:1234.55,1238.2 3 0
pixly/core/converter/batch_processor.go:1241.60,1245.2 3 0
pixly/core/converter/batch_processor.go:1248.66,1263.23 5 0
pixly/core/converter/batch_processor.go:1263.23,1265.3 1 0
pixly/core/converter/batch_processor.go:1268.2,1271.29 2 0
pixly/core/converter/batch_processor.go:1271.29,1273.10 1 0
pixly/core/converter/batch_processor.go:1274.24,1276.23 1 0
pixly/core/converter/batch_processor.go:1277.11,1277.11 0 0
pixly/core/converter/batch_processor.go:1280.3,1285.47 4 0
pixly/core/converter/batch_processor.go:1285.47,1289.11 2 0
pixly/core/converter/batch_processor.go:1290.25,1291.11 1 0
pixly/core/converter/batch_processor.go:1292.12,1292.12 0 0
pixly/core/converter/batch_processor.go:1296.4,1307.70 9 0
pixly/core/converter/batch_processor.go:1310.3,1310.17 1 0
pixly/core/converter/batch_processor.go:1310.17,1313.4 2 0
pixly/core/converter/batch_processor.go:1317.2,1319.12 2 0
pixly/core/converter/checkpoint.go:28.37,29.11 1 0
pixly/core/converter/checkpoint.go:30.21,31.19 1 0
pixly/core/converter/checkpoint.go:32.24,33.22 1 0
pixly/core/converter/checkpoint.go:34.23,35.21 1 0
pixly/core/converter/checkpoint.go:36.20,37.18 1 0
pixly/core/converter/checkpoint.go:38.21,39.19 1 0
pixly/core/converter/checkpoint.go:40.10,41.19 1 0
pixly/core/converter/checkpoint.go:89.121,92.49 2 1
pixly/core/converter/checkpoint.go:92.49,94.3 1 0
pixly/core/converter/checkpoint.go:96.2,103.25 4 1
pixly/core/converter/checkpoint.go:103.25,107.17 2 1
pixly/core/converter/checkpoint.go:107.17,108.9 1 1
pixly/core/converter/checkpoint.go:112.3,112.12 1 0
pixly/core/converter/checkpoint.go:112.12,113.32 1 0
pixly/core/converter/checkpoint.go:113.32,115.5 1 0
pixly/core/converter/checkpoint.go:116.4,116.27 1 0
pixly/core/converter/checkpoint.go:119.2,119.16 1 1
pixly/core/converter/checkpoint.go:119.16,121.3 1 0
pixly/core/converter/checkpoint.go:124.2,124.43 1 1
pixly/core/converter/checkpoint.go:124.43,125.78 1 1
pixly/core/converter/checkpoint.go:125.78,127.4 1 0
pixly/core/converter/checkpoint.go:128.3,128.76 1 1
pixly/core/converter/checkpoint.go:128.76,130.4 1 0
pixly/core/converter/checkpoint.go:131.3,131.13 1 1
pixly/core/converter/checkpoint.go:133.2,133.16 1 1
pixly/core/converter/checkpoint.go:133.16,136.3 2 0
pixly/core/converter/checkpoint.go:138.2,145.16 2 1
pixly/core/converter/checkpoint.go:149.89,172.2 9 0
pixly/core/converter/checkpoint.go:175.84,182.45 4 0
pixly/core/converter/checkpoint.go:182.45,185.18 3 0
pixly/core/converter/checkpoint.go:185.18,190.4 4 0
pixly/core/converter/checkpoint.go:192.3,192.43 1 0
pixly/core/converter/checkpoint.go:195.2,195.16 1 0
pixly/core/converter/checkpoint.go:195.16,197.3 1 0
pixly/core/converter/checkpoint.go:199.2,199.24 1 0
pixly/core/converter/checkpoint.go:203.69,206.45 2 0
pixly/core/converter/checkpoint.go:206.45,208.44 2 0
pixly/core/converter/checkpoint.go:208.44,210.54 2 0
pixly/core/converter/checkpoint.go:210.54,212.5 1 0
pixly/core/converter/checkpoint.go:213.4,214.14 2 0
pixly/core/converter/checkpoint.go:218.2,218.22 1 0
pixly/core/converter/checkpoint.go:222.125,226.24 3 0
pixly/core/converter/checkpoint.go:226.24,228.3 1 0
pixly/core/converter/checkpoint.go:231.2,233.16 3 0
pixly/core/converter/checkpoint.go:233.16,235.3 1 0
pixly/core/converter/checkpoint.go:238.2,250.32 2 0
pixly/core/converter/checkpoint.go:250.32,252.3 1 0
pixly/core/converter/checkpoint.go:255.2,260.46 6 0
pixly/core/converter/checkpoint.go:260.46,264.17 3 0
pixly/core/converter/checkpoint.go:264.17,266.4 1 0
pixly/core/converter/checkpoint.go:267.3,267.60 1 0
pixly/core/converter/checkpoint.go:267.60,269.4 1 0
pixly/core/converter/checkpoint.go:272.3,277.17 4 0
pixly/core/converter/checkpoint.go:277.17,279.4 1 0
pixly/core/converter/checkpoint.go:280.3,280.62 1 0
pixly/core/converter/checkpoint.go:283.2,283.16 1 0
pixly/core/converter/checkpoint.go:283.16,285.3 1 0
pixly/core/converter/checkpoint.go:288.2,288.21 1 0
pixly/core/converter/checkpoint.go:292.82,296.24 3 0
pixly/core/converter/checkpoint.go:296.24,298.3 1 0
pixly/core/converter/checkpoint.go:300.2,307.45 7 0
pixly/core/converter/checkpoint.go:307.45,310.18 3 0
pixly/core/converter/checkpoint.go:310.18,312.4 1 0
pixly/core/converter/checkpoint.go:313.3,313.39 1 0
pixly/core/converter/checkpoint.go:316.2,316.16 1 0
pixly/core/converter/checkpoint.go:316.16,318.3 1 0
pixly/core/converter/checkpoint.go:320.2,320.21 1 0
pixly/core/converter/checkpoint.go:324.66,328.24 3 0
pixly/core/converter/checkpoint.go:328.24,330.3 1 0
pixly/core/converter/checkpoint.go:332.2,335.45 3 0
pixly/core/converter/checkpoint.go:335.45,339.102 3 0
pixly/core/converter/checkpoint.go:339.102,341.53 2 0
pixly/core/converter/checkpoint.go:341.53,342.13 1 0
pixly/core/converter/checkpoint.go:345.4,345.38 1 0
pixly/core/converter/checkpoint.go:345.38,347.5 1 0
pixly/core/converter/checkpoint.go:349.3,349.13 1 0
pixly/core/converter/checkpoint.go:352.2,352.26 1 0
pixly/core/converter/checkpoint.go:356.55,360.23 3 0
pixly/core/converter/checkpoint.go:360.23,362.3 1 0
pixly/core/converter/checkpoint.go:364.2,365.41 2 0
pixly/core/converter/checkpoint.go:365.41,367.3 1 0
pixly/core/converter/checkpoint.go:370.2,370.21 1 0
pixly/core/converter/checkpoint.go:374.69,378.47 3 0
pixly/core/converter/checkpoint.go:378.47,381.65 2 0
pixly/core/converter/checkpoint.go:381.65,383.4 1 0
pixly/core/converter/checkpoint.go:386.3,391.102 5 0
pixly/core/converter/checkpoint.go:391.102,395.4 2 0
pixly/core/converter/checkpoint.go:397.3,397.36 1 0
pixly/core/converter/checkpoint.go:397.36,398.50 1 0
pixly/core/converter/checkpoint.go:398.50,400.5 1 0
pixly/core/converter/checkpoint.go:403.3,403.13 1 0
pixly/core/converter/checkpoint.go:408.44,409.18 1 1
pixly/core/converter/checkpoint.go:409.18,411.3 1 1
pixly/core/converter/checkpoint.go:412.2,412.12 1 0
pixly/core/converter/checkpoint.go:416.50,417.23 1 0
pixly/core/converter/checkpoint.go:417.23,419.3 1 0
pixly/core/converter/checkpoint.go:421.2,421.47 1 0
pixly/core/converter/checkpoint.go:421.47,424.17 3 0
pixly/core/converter/checkpoint.go:424.17,426.4 1 0
pixly/core/converter/checkpoint.go:427.3,427.43 1 0
pixly/core/converter/checkpoint.go:432.68,433.23 1 0
pixly/core/converter/checkpoint.go:433.23,435.3 1 0
pixly/core/converter/checkpoint.go:437.2,437.16 1 0
pixly/core/converter/checkpoint.go:438.24,439.25 1 0
pixly/core/converter/checkpoint.go:440.23,441.25 1 0
pixly/core/converter/checkpoint.go:442.20,443.22 1 0
pixly/core/converter/checkpoint.go:444.21,445.23 1 0
pixly/core/converter/checkpoint.go:448.2,448.36 1 0
pixly/core/converter/checkpoint.go:452.60,456.2 3 0
pixly/core/converter/conversion_framework.go:27.72,31.2 1 0
pixly/core/converter/conversion_framework.go:34.111,45.32 6 0
pixly/core/converter/conversion_framework.go:45.32,47.17 2 0
pixly/core/converter/conversion_framework.go:47.17,49.4 1 0
pixly/core/converter/conversion_framework.go:50.3,51.24 2 0
pixly/core/converter/conversion_framework.go:55.2,55.15 1 0
pixly/core/converter/conversion_framework.go:55.15,56.21 1 0
pixly/core/converter/conversion_framework.go:56.21,58.4 1 0
pixly/core/converter/conversion_framework.go:59.3,59.51 1 0
pixly/core/converter/conversion_framework.go:63.2,67.16 3 0
pixly/core/converter/conversion_framework.go:67.16,69.3 1 0
pixly/core/converter/conversion_framework.go:72.2,72.33 1 0
pixly/core/converter/conversion_framework.go:72.33,73.64 1 0
pixly/core/converter/conversion_framework.go:73.64,75.4 1 0
pixly/core/converter/conversion_framework.go:79.2,79.65 1 0
pixly/core/converter/conversion_framework.go:79.65,84.3 4 0
pixly/core/converter/conversion_framework.go:87.2,87.74 1 0
pixly/core/converter/conversion_framework.go:87.74,89.3 1 0
pixly/core/converter/conversion_framework.go:93.2,93.24 1 0
pixly/core/converter/conversion_framework.go:97.92,100.16 2 0
pixly/core/converter/conversion_framework.go:100.16,103.3 1 0
pixly/core/converter/conversion_framework.go:105.2,107.25 2 0
pixly/core/converter/conversion_framework.go:111.85,112.36 1 0
pixly/core/converter/conversion_framework.go:112.36,114.56 1 0
pixly/core/converter/conversion_framework.go:114.56,116.4 1 0
pixly/core/converter/conversion_framework.go:122.92,123.36 1 0
pixly/core/converter/conversion_framework.go:123.36,127.16 2 0
pixly/core/converter/conversion_framework.go:127.16,131.107 1 0
pixly/core/converter/conversion_framework.go:131.107,133.5 1 0
pixly/core/converter/conversion_framework.go:134.9,136.66 1 0
pixly/core/converter/conversion_framework.go:136.66,138.5 1 0
pixly/core/converter/conversion_framework.go:141.2,141.12 1 0
pixly/core/converter/conversion_framework.go:147.61,151.65 1 0
pixly/core/converter/conversion_framework.go:151.65,158.4 1 0
pixly/core/converter/conversion_framework.go:164.62,168.65 1 0
pixly/core/converter/conversion_framework.go:168.65,177.4 1 0
pixly/core/converter/conversion_framework.go:183.102,195.31 3 0
pixly/core/converter/conversion_framework.go:195.31,197.3 1 0
pixly/core/converter/conversion_framework.go:200.2,209.19 4 0
pixly/core/converter/conversion_framework.go:209.19,211.3 1 0
pixly/core/converter/conversion_framework.go:213.2,216.16 3 0
pixly/core/converter/conversion_framework.go:216.16,222.3 5 0
pixly/core/converter/conversion_framework.go:224.2,224.20 1 0
pixly/core/converter/conversion_framework.go:224.20,226.3 1 0
pixly/core/converter/conversion_framework.go:228.2,228.31 1 0
pixly/core/converter/conversion_framework.go:232.101,236.19 2 0
pixly/core/converter/conversion_framework.go:236.19,238.3 1 0
pixly/core/converter/conversion_framework.go:241.2,253.16 5 0
pixly/core/converter/conversion_framework.go:253.16,256.3 2 0
pixly/core/converter/conversion_framework.go:258.2,258.20 1 0
pixly/core/converter/conversion_framework.go:258.20,258.47 1 0
pixly/core/converter/conversion_framework.go:259.2,259.31 1 0
pixly/core/converter/conversion_framework.go:263.93,265.55 1 0
pixly/core/converter/conversion_framework.go:265.55,267.3 1 0
pixly/core/converter/conversion_framework.go:270.2,271.16 2 0
pixly/core/converter/conversion_framework.go:271.16,273.3 1 0
pixly/core/converter/conversion_framework.go:276.2,276.28 1 0
pixly/core/converter/conversion_framework.go:276.28,278.3 1 0
pixly/core/converter/conversion_framework.go:281.2,281.61 1 0
pixly/core/converter/conversion_framework.go:281.61,283.35 2 0
pixly/core/converter/conversion_framework.go:283.35,285.4 1 0
pixly/core/converter/conversion_framework.go:288.2,288.12 1 0
pixly/core/converter/conversion_framework.go:292.125,293.29 1 0
pixly/core/converter/conversion_framework.go:293.29,295.3 1 0
pixly/core/converter/conversion_framework.go:298.2,298.75 1 0
pixly/core/converter/conversion_framework.go:298.75,300.3 1 0
pixly/core/converter/conversion_framework.go:303.2,307.12 4 0
pixly/core/converter/converter.go:121.95,147.16 14 1
pixly/core/converter/converter.go:147.16,150.3 2 0
pixly/core/converter/converter.go:152.2,179.16 4 1
pixly/core/converter/converter.go:179.16,182.3 2 0
pixly/core/converter/converter.go:183.2,192.23 5 1
pixly/core/converter/converter.go:196.139,221.16 13 0
pixly/core/converter/converter.go:221.16,224.3 2 0
pixly/core/converter/converter.go:226.2,251.16 4 0
pixly/core/converter/converter.go:251.16,254.3 2 0
pixly/core/converter/converter.go:255.2,264.23 5 0
pixly/core/converter/converter.go:268.51,270.2 1 0
pixly/core/converter/converter.go:273.52,280.16 4 0
pixly/core/converter/converter.go:280.16,282.3 1 0
pixly/core/converter/converter.go:282.8,282.30 1 0
pixly/core/converter/converter.go:282.30,284.36 1 0
pixly/core/converter/converter.go:284.36,285.71 1 0
pixly/core/converter/converter.go:285.71,290.19 2 0
pixly/core/converter/converter.go:290.19,292.11 2 0
pixly/core/converter/converter.go:296.5,296.40 1 0
pixly/core/converter/converter.go:302.2,302.57 1 0
pixly/core/converter/converter.go:302.57,304.3 1 0
pixly/core/converter/converter.go:307.2,315.64 5 0
pixly/core/converter/converter.go:315.64,317.3 1 0
pixly/core/converter/converter.go:320.2,320.29 1 0
pixly/core/converter/converter.go:320.29,323.3 2 0
pixly/core/converter/converter.go:326.2,327.16 2 0
pixly/core/converter/converter.go:327.16,329.3 1 0
pixly/core/converter/converter.go:332.2,332.62 1 0
pixly/core/converter/converter.go:332.62,335.3 1 0
pixly/core/converter/converter.go:338.2,338.58 1 0
pixly/core/converter/converter.go:338.58,340.3 1 0
pixly/core/converter/converter.go:343.2,346.33 2 0
pixly/core/converter/converter.go:346.33,348.3 1 0
pixly/core/converter/converter.go:351.2,351.43 1 0
pixly/core/converter/converter.go:351.43,353.3 1 0
pixly/core/converter/converter.go:356.2,357.24 2 0
pixly/core/converter/converter.go:357.24,358.79 1 0
pixly/core/converter/converter.go:358.79,360.4 1 0
pixly/core/converter/converter.go:363.2,363.12 1 0
pixly/core/converter/converter.go:367.65,381.16 4 0
pixly/core/converter/converter.go:381.16,384.3 2 0
pixly/core/converter/converter.go:387.2,387.12 1 0
pixly/core/converter/converter.go:391.70,397.86 2 0
pixly/core/converter/converter.go:397.86,398.17 1 0
pixly/core/converter/converter.go:398.17,400.4 1 0
pixly/core/converter/converter.go:401.3,401.16 1 0
pixly/core/converter/converter.go:401.16,403.4 1 0
pixly/core/converter/converter.go:404.3,404.27 1 0
pixly/core/converter/converter.go:404.27,406.4 1 0
pixly/core/converter/converter.go:409.3,410.17 2 0
pixly/core/converter/converter.go:410.17,413.4 2 0
pixly/core/converter/converter.go:416.3,417.21 2 0
pixly/core/converter/converter.go:417.21,420.4 2 0
pixly/core/converter/converter.go:421.3,430.13 3 0
pixly/core/converter/converter.go:433.2,433.16 1 0
pixly/core/converter/converter.go:433.16,436.3 2 0
pixly/core/converter/converter.go:439.2,439.19 1 0
pixly/core/converter/converter.go:443.51,446.16 2 0
pixly/core/converter/converter.go:446.16,448.3 1 0
pixly/core/converter/converter.go:449.2,452.71 2 0
pixly/core/converter/converter.go:452.71,455.54 2 0
pixly/core/converter/converter.go:455.54,457.4 1 0
pixly/core/converter/converter.go:458.3,458.36 1 0
pixly/core/converter/converter.go:458.36,460.4 1 0
pixly/core/converter/converter.go:463.2,463.14 1 0
pixly/core/converter/converter.go:467.60,471.34 2 0
pixly/core/converter/converter.go:471.34,473.3 1 0
pixly/core/converter/converter.go:476.2,476.13 1 0
pixly/core/converter/converter.go:477.23,478.16 1 0
pixly/core/converter/converter.go:479.14,480.16 1 0
pixly/core/converter/converter.go:481.14,482.16 1 0
pixly/core/converter/converter.go:483.15,484.17 1 0
pixly/core/converter/converter.go:485.15,486.17 1 0
pixly/core/converter/converter.go:487.26,488.16 1 0
pixly/core/converter/converter.go:489.15,490.16 1 0
pixly/core/converter/converter.go:491.10,492.24 1 0
pixly/core/converter/converter.go:497.60,508.29 4 0
pixly/core/converter/converter.go:508.29,514.31 4 0
pixly/core/converter/converter.go:514.31,516.4 1 0
pixly/core/converter/converter.go:516.9,516.35 1 0
pixly/core/converter/converter.go:516.35,518.4 1 0
pixly/core/converter/converter.go:521.3,527.51 7 0
pixly/core/converter/converter.go:527.51,531.4 3 0
pixly/core/converter/converter.go:533.3,533.17 1 0
pixly/core/converter/converter.go:533.17,544.4 4 0
pixly/core/converter/converter.go:548.2,548.12 1 0
pixly/core/converter/converter.go:548.12,551.3 2 0
pixly/core/converter/converter.go:554.2,555.33 2 0
pixly/core/converter/converter.go:555.33,574.23 9 0
pixly/core/converter/converter.go:574.24,576.4 0 0
pixly/core/converter/converter.go:576.9,578.4 1 0
pixly/core/converter/converter.go:582.2,588.12 3 0
pixly/core/converter/converter.go:592.68,598.94 3 0
pixly/core/converter/converter.go:598.94,600.3 1 0
pixly/core/converter/converter.go:603.2,609.15 5 0
pixly/core/converter/converter.go:609.15,615.21 4 0
pixly/core/converter/converter.go:615.21,617.4 1 0
pixly/core/converter/converter.go:617.9,617.28 1 0
pixly/core/converter/converter.go:617.28,620.4 2 0
pixly/core/converter/converter.go:620.9,622.27 2 0
pixly/core/converter/converter.go:622.27,624.5 1 0
pixly/core/converter/converter.go:627.3,627.106 1 0
pixly/core/converter/converter.go:627.106,629.4 1 0
pixly/core/converter/converter.go:632.3,638.28 2 0
pixly/core/converter/converter.go:642.2,642.31 1 0
pixly/core/converter/converter.go:642.31,645.41 3 0
pixly/core/converter/converter.go:645.41,647.28 1 0
pixly/core/converter/converter.go:648.23,650.75 2 0
pixly/core/converter/converter.go:652.31,654.75 2 0
pixly/core/converter/converter.go:657.29,659.81 2 0
pixly/core/converter/converter.go:661.9,661.24 1 0
pixly/core/converter/converter.go:661.24,663.4 1 0
pixly/core/converter/converter.go:663.9,663.33 1 0
pixly/core/converter/converter.go:663.33,665.4 1 0
pixly/core/converter/converter.go:670.2,671.19 2 0
pixly/core/converter/converter.go:672.17,680.17 5 0
pixly/core/converter/converter.go:680.17,684.4 3 0
pixly/core/converter/converter.go:684.9,688.52 3 0
pixly/core/converter/converter.go:688.52,692.5 3 0
pixly/core/converter/converter.go:692.10,696.5 3 0
pixly/core/converter/converter.go:699.17,703.17 3 0
pixly/core/converter/converter.go:703.17,707.4 3 0
pixly/core/converter/converter.go:707.9,711.52 3 0
pixly/core/converter/converter.go:711.52,715.5 3 0
pixly/core/converter/converter.go:715.10,719.5 3 0
pixly/core/converter/converter.go:722.10,728.25 6 0
pixly/core/converter/converter.go:732.2,732.15 1 0
pixly/core/converter/converter.go:736.59,745.20 5 0
pixly/core/converter/converter.go:745.20,746.21 1 0
pixly/core/converter/converter.go:746.21,750.4 2 0
pixly/core/converter/converter.go:750.9,753.4 2 0
pixly/core/converter/converter.go:754.8,758.3 2 0
pixly/core/converter/converter.go:761.2,761.27 1 0
pixly/core/converter/converter.go:761.27,763.49 1 0
pixly/core/converter/converter.go:763.49,765.4 1 0
pixly/core/converter/converter.go:765.9,767.4 1 0
pixly/core/converter/converter.go:768.8,770.3 1 0
pixly/core/converter/converter.go:774.53,778.13 2 0
pixly/core/converter/converter.go:779.31,780.14 1 0
pixly/core/converter/converter.go:781.10,782.15 1 0
pixly/core/converter/converter.go:787.76,793.16 3 0
pixly/core/converter/converter.go:793.16,795.3 1 0
pixly/core/converter/converter.go:797.2,812.53 3 0
pixly/core/converter/converter.go:812.53,814.3 1 0
pixly/core/converter/converter.go:816.2,816.24 1 0
pixly/core/converter/converter.go:820.74,822.29 2 0
pixly/core/converter/converter.go:822.29,823.31 1 0
pixly/core/converter/converter.go:823.31,825.4 1 0
pixly/core/converter/converter.go:828.2,828.33 1 0
pixly/core/converter/converter.go:828.33,830.3 1 0
pixly/core/converter/converter.go:833.2,834.44 2 0
pixly/core/converter/converter.go:834.44,837.19 1 0
pixly/core/converter/converter.go:838.24,842.14 1 0
pixly/core/converter/converter.go:844.24,848.18 2 0
pixly/core/converter/converter.go:848.18,850.5 1 0
pixly/core/converter/converter.go:851.4,852.18 2 0
pixly/core/converter/converter.go:852.18,855.5 2 0
pixly/core/converter/converter.go:856.4,856.54 1 0
pixly/core/converter/converter.go:856.54,860.5 2 0
pixly/core/converter/converter.go:863.4,863.43 1 0
pixly/core/converter/converter.go:863.43,866.19 2 0
pixly/core/converter/converter.go:866.19,868.14 2 0
pixly/core/converter/converter.go:870.5,871.19 2 0
pixly/core/converter/converter.go:871.19,873.14 2 0
pixly/core/converter/converter.go:875.5,875.59 1 0
pixly/core/converter/converter.go:875.59,877.6 1 0
pixly/core/converter/converter.go:877.12,879.6 0 0
pixly/core/converter/converter.go:881.4,881.14 1 0
pixly/core/converter/converter.go:883.17,886.43 1 0
pixly/core/converter/converter.go:886.43,887.48 1 0
pixly/core/converter/converter.go:887.48,889.6 1 0
pixly/core/converter/converter.go:889.12,891.6 0 0
pixly/core/converter/converter.go:893.4,893.14 1 0
pixly/core/converter/converter.go:899.2,899.12 1 0
pixly/core/converter/converter.go:903.78,905.29 2 0
pixly/core/converter/converter.go:905.29,906.35 1 0
pixly/core/converter/converter.go:906.35,908.4 1 0
pixly/core/converter/converter.go:911.2,911.33 1 0
pixly/core/converter/converter.go:911.33,913.3 1 0
pixly/core/converter/converter.go:916.2,917.44 2 0
pixly/core/converter/converter.go:917.44,920.19 1 0
pixly/core/converter/converter.go:921.24,925.14 1 0
pixly/core/converter/converter.go:927.24,931.18 2 0
pixly/core/converter/converter.go:931.18,933.5 1 0
pixly/core/converter/converter.go:934.4,935.18 2 0
pixly/core/converter/converter.go:935.18,938.5 2 0
pixly/core/converter/converter.go:939.4,939.54 1 0
pixly/core/converter/converter.go:939.54,943.5 2 0
pixly/core/converter/converter.go:946.4,946.43 1 0
pixly/core/converter/converter.go:946.43,949.19 2 0
pixly/core/converter/converter.go:949.19,951.14 2 0
pixly/core/converter/converter.go:953.5,954.19 2 0
pixly/core/converter/converter.go:954.19,956.14 2 0
pixly/core/converter/converter.go:958.5,958.59 1 0
pixly/core/converter/converter.go:958.59,960.6 1 0
pixly/core/converter/converter.go:960.12,962.6 0 0
pixly/core/converter/converter.go:964.4,964.14 1 0
pixly/core/converter/converter.go:966.17,969.43 1 0
pixly/core/converter/converter.go:969.43,970.48 1 0
pixly/core/converter/converter.go:970.48,972.6 1 0
pixly/core/converter/converter.go:972.12,974.6 0 0
pixly/core/converter/converter.go:976.4,976.14 1 0
pixly/core/converter/converter.go:982.2,982.12 1 0
pixly/core/converter/converter.go:995.81,997.2 1 0
pixly/core/converter/converter.go:1000.57,1002.2 1 0
pixly/core/converter/converter.go:1005.82,1007.2 1 0
pixly/core/converter/converter.go:1010.35,1018.2 3 0
pixly/core/converter/converter.go:1021.35,1029.27 3 1
pixly/core/converter/converter.go:1029.27,1030.48 1 1
pixly/core/converter/converter.go:1030.48,1032.4 1 0
pixly/core/converter/converter.go:1036.2,1036.23 1 1
pixly/core/converter/converter.go:1036.23,1038.3 1 1
pixly/core/converter/converter.go:1041.2,1041.28 1 1
pixly/core/converter/converter.go:1041.28,1043.3 1 1
pixly/core/converter/converter.go:1046.2,1046.28 1 1
pixly/core/converter/converter.go:1046.28,1047.49 1 1
pixly/core/converter/converter.go:1047.49,1049.4 1 0
pixly/core/converter/converter.go:1052.2,1052.12 1 1
pixly/core/converter/converter.go:1056.75,1066.48 2 0
pixly/core/converter/converter.go:1066.48,1069.3 2 0
pixly/core/converter/converter.go:1072.2,1077.15 3 0
pixly/core/converter/converter.go:1081.55,1083.2 1 0
pixly/core/converter/converter.go:1086.49,1095.27 5 0
pixly/core/converter/converter.go:1095.27,1097.49 1 0
pixly/core/converter/converter.go:1097.49,1099.4 1 0
pixly/core/converter/converter.go:1099.9,1101.4 1 0
pixly/core/converter/converter.go:1102.8,1104.3 1 0
pixly/core/converter/converter.go:1107.2,1107.33 1 0
pixly/core/converter/converter.go:1107.33,1109.3 1 0
pixly/core/converter/converter.go:1112.2,1113.15 2 0
pixly/core/converter/converter.go:1117.51,1118.27 1 0
pixly/core/converter/converter.go:1118.27,1120.3 1 0
pixly/core/converter/converter.go:1121.2,1121.12 1 0
pixly/core/converter/converter.go:1125.58,1129.27 2 0
pixly/core/converter/converter.go:1129.27,1131.34 2 0
pixly/core/converter/converter.go:1131.34,1133.4 1 0
pixly/core/converter/converter.go:1136.2,1136.13 1 0
pixly/core/converter/converter.go:1140.44,1141.27 1 0
pixly/core/converter/converter.go:1141.27,1144.3 1 0
pixly/core/converter/converter.go:1148.59,1150.2 1 0
pixly/core/converter/converter.go:1153.61,1156.24 2 0
pixly/core/converter/converter.go:1156.24,1162.3 4 0
pixly/core/converter/converter.go:1165.2,1166.16 2 0
pixly/core/converter/converter.go:1166.16,1168.3 1 0
pixly/core/converter/converter.go:1170.2,1170.28 1 0
pixly/core/converter/converter.go:1170.28,1172.25 1 0
pixly/core/converter/converter.go:1172.25,1173.80 1 0
pixly/core/converter/converter.go:1173.80,1177.5 1 0
pixly/core/converter/converter.go:1179.3,1179.13 1 0
pixly/core/converter/converter.go:1185.2,1186.40 2 0
pixly/core/converter/converter.go:1186.40,1188.54 1 0
pixly/core/converter/converter.go:1188.54,1190.107 2 0
pixly/core/converter/converter.go:1190.107,1194.5 1 0
pixly/core/converter/converter.go:1195.4,1195.12 1 0
pixly/core/converter/converter.go:1199.3,1205.49 2 0
pixly/core/converter/converter.go:1205.49,1208.4 2 0
pixly/core/converter/converter.go:1211.3,1215.45 4 0
pixly/core/converter/converter.go:1218.2,1218.26 1 0
pixly/core/converter/converter.go:1218.26,1221.3 1 0
pixly/core/converter/converter.go:1224.2,1224.57 1 0
pixly/core/converter/converter.go:1224.57,1226.3 1 0
pixly/core/converter/converter.go:1230.2,1232.35 2 0
pixly/core/converter/error_handler.go:51.48,55.2 1 0
pixly/core/converter/error_handler.go:58.53,60.2 1 0
pixly/core/converter/error_handler.go:63.54,66.2 2 0
pixly/core/converter/error_handler.go:84.38,94.23 10 0
pixly/core/converter/error_handler.go:94.23,97.3 2 0
pixly/core/converter/error_handler.go:98.2,99.25 2 0
pixly/core/converter/error_handler.go:103.38,105.2 1 0
pixly/core/converter/error_handler.go:123.40,130.2 1 1
pixly/core/converter/error_handler.go:133.56,139.2 1 1
pixly/core/converter/error_handler.go:142.136,158.34 3 0
pixly/core/converter/error_handler.go:158.34,160.3 1 0
pixly/core/converter/error_handler.go:162.2,163.11 2 0
pixly/core/converter/error_handler.go:167.87,175.2 6 0
pixly/core/converter/error_handler.go:178.76,179.18 1 0
pixly/core/converter/error_handler.go:179.18,181.3 1 0
pixly/core/converter/error_handler.go:184.2,184.19 1 0
pixly/core/converter/error_handler.go:185.30,187.58 1 0
pixly/core/converter/error_handler.go:188.30,190.14 1 0
pixly/core/converter/error_handler.go:191.31,193.14 1 0
pixly/core/converter/error_handler.go:194.10,195.15 1 0
pixly/core/converter/error_handler.go:200.48,204.2 3 0
pixly/core/converter/error_handler.go:207.94,208.16 1 0
pixly/core/converter/error_handler.go:208.16,210.3 1 0
pixly/core/converter/error_handler.go:213.2,214.22 2 0
pixly/core/converter/error_handler.go:214.22,218.34 3 0
pixly/core/converter/error_handler.go:218.34,219.13 1 0
pixly/core/converter/error_handler.go:219.13,221.5 1 0
pixly/core/converter/error_handler.go:222.4,222.43 1 0
pixly/core/converter/error_handler.go:224.3,224.31 1 0
pixly/core/converter/error_handler.go:227.2,227.65 1 0
pixly/core/converter/error_handler.go:231.140,235.2 3 0
pixly/core/converter/error_handler.go:238.50,246.37 2 0
pixly/core/converter/error_handler.go:246.37,254.24 2 0
pixly/core/converter/error_handler.go:254.24,256.4 1 0
pixly/core/converter/error_handler.go:258.3,258.22 1 0
pixly/core/converter/error_handler.go:258.22,260.4 1 0
pixly/core/converter/error_handler.go:262.3,262.26 1 0
pixly/core/converter/error_handler.go:262.26,264.4 1 0
pixly/core/converter/error_handler.go:265.8,267.22 1 0
pixly/core/converter/error_handler.go:267.22,269.4 1 0
pixly/core/converter/error_handler.go:273.2,273.21 1 0
pixly/core/converter/error_handler.go:274.19,276.9 1 0
pixly/core/converter/error_handler.go:277.22,279.47 1 0
pixly/core/converter/error_handler.go:279.48,281.4 0 0
pixly/core/converter/error_handler.go:282.20,283.40 1 0
pixly/core/converter/error_handler.go:284.24,285.41 1 0
pixly/core/converter/error_handler.go:290.115,294.68 3 0
pixly/core/converter/error_handler.go:294.68,295.18 1 0
pixly/core/converter/error_handler.go:295.18,302.39 3 0
pixly/core/converter/error_handler.go:302.39,304.5 1 0
pixly/core/converter/error_handler.go:307.3,308.17 2 0
pixly/core/converter/error_handler.go:308.17,309.19 1 0
pixly/core/converter/error_handler.go:309.20,311.5 0 0
pixly/core/converter/error_handler.go:312.4,312.14 1 0
pixly/core/converter/error_handler.go:315.3,318.38 2 0
pixly/core/converter/error_handler.go:318.38,320.9 1 0
pixly/core/converter/error_handler.go:323.3,328.19 1 0
pixly/core/converter/error_handler.go:332.2,340.96 6 0
pixly/core/converter/error_handler.go:344.56,346.36 2 0
pixly/core/converter/error_handler.go:346.36,348.3 1 0
pixly/core/converter/error_handler.go:349.2,349.14 1 0
pixly/core/converter/error_handler.go:353.43,355.2 1 0
pixly/core/converter/error_handler.go:358.95,359.16 1 0
pixly/core/converter/error_handler.go:359.16,361.3 1 0
pixly/core/converter/error_handler.go:362.2,368.48 7 0
pixly/core/converter/error_handler.go:372.97,373.16 1 0
pixly/core/converter/error_handler.go:373.16,375.3 1 0
pixly/core/converter/error_handler.go:377.2,380.52 3 0
pixly/core/converter/error_handler.go:390.72,395.2 1 1
pixly/core/converter/error_handler.go:398.70,399.51 1 0
pixly/core/converter/error_handler.go:399.51,401.3 1 0
pixly/core/converter/error_handler.go:402.2,402.12 1 0
pixly/core/converter/error_handler.go:406.72,407.67 1 0
pixly/core/converter/error_handler.go:407.67,409.3 1 0
pixly/core/converter/error_handler.go:410.2,410.12 1 0
pixly/core/converter/error_handler.go:414.80,415.52 1 0
pixly/core/converter/error_handler.go:415.52,421.3 5 0
pixly/core/converter/error_handler.go:422.2,422.12 1 0
pixly/core/converter/error_handler.go:426.102,428.45 1 0
pixly/core/converter/error_handler.go:428.45,431.3 1 0
pixly/core/converter/error_handler.go:434.2,435.53 2 0
pixly/core/converter/error_handler.go:435.53,438.3 1 0
pixly/core/converter/error_handler.go:441.2,442.15 2 0
pixly/core/converter/error_handler.go:442.15,444.30 1 0
pixly/core/converter/error_handler.go:444.30,445.56 1 0
pixly/core/converter/error_handler.go:445.56,447.5 1 0
pixly/core/converter/error_handler.go:448.4,448.66 1 0
pixly/core/converter/error_handler.go:448.66,450.5 1 0
pixly/core/converter/error_handler.go:451.4,451.14 1 0
pixly/core/converter/error_handler.go:453.8,455.30 1 0
pixly/core/converter/error_handler.go:455.30,456.66 1 0
pixly/core/converter/error_handler.go:456.66,458.5 1 0
pixly/core/converter/error_handler.go:459.4,459.14 1 0
pixly/core/converter/error_handler.go:464.2,464.116 1 0
pixly/core/converter/error_handler.go:464.116,467.3 1 0
pixly/core/converter/error_handler.go:471.2,471.12 1 0
pixly/core/converter/error_handler.go:475.69,478.16 2 0
pixly/core/converter/error_handler.go:478.16,480.3 1 0
pixly/core/converter/error_handler.go:483.2,484.16 2 0
pixly/core/converter/error_handler.go:484.16,486.3 1 0
pixly/core/converter/error_handler.go:489.2,489.52 1 0
pixly/core/converter/error_handler.go:489.52,491.3 1 0
pixly/core/converter/error_handler.go:494.2,496.16 3 0
pixly/core/converter/error_handler.go:496.16,498.3 1 0
pixly/core/converter/error_handler.go:501.2,501.70 1 0
pixly/core/converter/error_handler.go:501.70,503.3 1 0
pixly/core/converter/error_handler.go:507.2,507.12 1 0
pixly/core/converter/error_handler.go:518.91,523.37 2 0
pixly/core/converter/error_handler.go:523.37,524.54 1 0
pixly/core/converter/error_handler.go:524.54,527.4 2 0
pixly/core/converter/error_handler.go:527.9,529.4 1 0
pixly/core/converter/error_handler.go:532.2,532.15 1 0
pixly/core/converter/error_handler.go:536.91,541.37 2 0
pixly/core/converter/error_handler.go:541.37,542.51 1 0
pixly/core/converter/error_handler.go:542.51,545.4 2 0
pixly/core/converter/error_handler.go:545.9,547.4 1 0
pixly/core/converter/error_handler.go:550.2,550.15 1 0
pixly/core/converter/error_handler.go:554.81,557.2 2 0
pixly/core/converter/file_type_detector.go:47.113,53.2 1 1
pixly/core/converter/file_type_detector.go:56.84,68.16 3 0
pixly/core/converter/file_type_detector.go:68.16,74.3 1 0
pixly/core/converter/file_type_detector.go:77.2,94.59 2 0
pixly/core/converter/file_type_detector.go:94.59,100.3 2 0
pixly/core/converter/file_type_detector.go:103.2,108.37 2 0
pixly/core/converter/file_type_detector.go:108.37,109.85 1 0
pixly/core/converter/file_type_detector.go:109.85,111.4 1 0
pixly/core/converter/file_type_detector.go:115.2,129.35 4 0
pixly/core/converter/file_type_detector.go:129.35,131.27 2 0
pixly/core/converter/file_type_detector.go:132.16,141.5 1 0
pixly/core/converter/file_type_detector.go:142.16,146.5 1 0
pixly/core/converter/file_type_detector.go:151.2,151.24 1 0
pixly/core/converter/file_type_detector.go:151.24,158.33 4 0
pixly/core/converter/file_type_detector.go:158.33,159.69 1 0
pixly/core/converter/file_type_detector.go:159.69,161.5 1 0
pixly/core/converter/file_type_detector.go:162.9,162.42 1 0
pixly/core/converter/file_type_detector.go:162.42,164.50 1 0
pixly/core/converter/file_type_detector.go:164.50,165.78 1 0
pixly/core/converter/file_type_detector.go:165.78,167.6 1 0
pixly/core/converter/file_type_detector.go:172.3,175.51 3 0
pixly/core/converter/file_type_detector.go:175.51,180.41 2 0
pixly/core/converter/file_type_detector.go:180.41,182.5 1 0
pixly/core/converter/file_type_detector.go:183.9,186.30 1 0
pixly/core/converter/file_type_detector.go:186.30,188.5 1 0
pixly/core/converter/file_type_detector.go:188.10,190.38 1 0
pixly/core/converter/file_type_detector.go:190.38,193.6 2 0
pixly/core/converter/file_type_detector.go:193.11,196.6 2 0
pixly/core/converter/file_type_detector.go:200.4,200.30 1 0
pixly/core/converter/file_type_detector.go:200.30,202.5 1 0
pixly/core/converter/file_type_detector.go:202.10,202.40 1 0
pixly/core/converter/file_type_detector.go:202.40,204.5 1 0
pixly/core/converter/file_type_detector.go:206.8,206.31 1 0
pixly/core/converter/file_type_detector.go:206.31,210.3 2 0
pixly/core/converter/file_type_detector.go:210.8,213.3 1 0
pixly/core/converter/file_type_detector.go:215.2,215.21 1 0
pixly/core/converter/file_type_detector.go:219.73,221.21 2 0
pixly/core/converter/file_type_detector.go:221.21,223.3 1 0
pixly/core/converter/file_type_detector.go:225.2,228.52 3 0
pixly/core/converter/file_type_detector.go:228.52,230.3 1 0
pixly/core/converter/file_type_detector.go:232.2,232.32 1 0
pixly/core/converter/file_type_detector.go:236.68,246.41 3 0
pixly/core/converter/file_type_detector.go:246.41,247.37 1 0
pixly/core/converter/file_type_detector.go:247.37,249.4 1 0
pixly/core/converter/file_type_detector.go:252.2,252.14 1 0
pixly/core/converter/file_type_detector.go:256.86,263.53 1 0
pixly/core/converter/file_type_detector.go:263.53,265.3 1 0
pixly/core/converter/file_type_detector.go:268.2,269.78 2 0
pixly/core/converter/file_type_detector.go:269.78,271.3 1 0
pixly/core/converter/file_type_detector.go:275.2,275.14 1 0
pixly/core/converter/file_type_detector.go:279.68,284.47 1 0
pixly/core/converter/file_type_detector.go:284.47,286.3 1 0
pixly/core/converter/file_type_detector.go:289.2,292.26 2 0
pixly/core/converter/file_type_detector.go:296.64,302.41 2 0
pixly/core/converter/file_type_detector.go:302.41,304.3 1 0
pixly/core/converter/file_type_detector.go:308.2,308.14 1 0
pixly/core/converter/file_type_detector.go:312.63,325.2 3 0
pixly/core/converter/image.go:12.80,15.2 2 0
pixly/core/converter/image.go:18.81,21.2 2 0
pixly/core/converter/image.go:26.55,38.16 3 0
pixly/core/converter/image.go:38.16,40.3 1 0
pixly/core/converter/image.go:42.2,46.44 3 0
pixly/core/converter/image.go:46.44,47.39 1 0
pixly/core/converter/image.go:47.39,49.4 1 0
pixly/core/converter/image.go:52.2,52.14 1 0
pixly/core/converter/image.go:56.50,69.16 3 0
pixly/core/converter/image.go:69.16,71.3 1 0
pixly/core/converter/image.go:73.2,75.55 2 0
pixly/core/converter/image.go:79.74,84.16 2 0
pixly/core/converter/image.go:84.16,86.3 1 0
pixly/core/converter/image.go:87.2,93.45 5 0
pixly/core/converter/image.go:93.45,97.60 2 0
pixly/core/converter/image.go:97.60,99.4 1 0
pixly/core/converter/image.go:100.9,103.3 0 0
pixly/core/converter/image.go:105.2,106.16 2 0
pixly/core/converter/image.go:106.16,108.3 1 0
pixly/core/converter/image.go:110.2,111.16 2 0
pixly/core/converter/image.go:111.16,113.3 1 0
pixly/core/converter/image.go:114.2,114.25 1 0
pixly/core/converter/image.go:118.82,122.16 3 0
pixly/core/converter/image.go:122.16,125.3 2 0
pixly/core/converter/image.go:128.2,128.22 1 0
pixly/core/converter/image.go:128.22,131.3 2 0
pixly/core/converter/image.go:136.2,136.35 1 0
pixly/core/converter/image.go:136.35,139.3 2 0
pixly/core/converter/image.go:141.2,144.40 2 0
pixly/core/converter/image.go:144.40,147.3 2 0
pixly/core/converter/image.go:149.2,150.13 2 0
pixly/core/converter/image.go:154.63,165.16 3 0
pixly/core/converter/image.go:165.16,168.3 1 0
pixly/core/converter/image.go:171.2,172.67 2 0
pixly/core/converter/image.go:172.67,175.3 1 0
pixly/core/converter/image.go:177.2,177.13 1 0
pixly/core/converter/image.go:189.104,195.52 4 0
pixly/core/converter/image.go:195.52,196.26 1 0
pixly/core/converter/image.go:196.26,198.9 2 0
pixly/core/converter/image.go:201.2,201.16 1 0
pixly/core/converter/image.go:201.16,206.3 4 0
pixly/core/converter/image.go:209.2,211.15 3 0
pixly/core/converter/image.go:211.15,213.3 1 0
pixly/core/converter/image.go:213.8,215.81 2 0
pixly/core/converter/image.go:215.81,217.4 1 0
pixly/core/converter/image.go:220.2,224.24 3 0
pixly/core/converter/image.go:224.24,226.66 2 0
pixly/core/converter/image.go:226.67,228.4 0 0
pixly/core/converter/image.go:231.3,238.17 3 0
pixly/core/converter/image.go:238.17,239.79 1 0
pixly/core/converter/image.go:239.80,241.5 0 0
pixly/core/converter/image.go:242.4,242.91 1 0
pixly/core/converter/image.go:244.3,245.16 2 0
pixly/core/converter/image.go:245.16,246.67 1 0
pixly/core/converter/image.go:246.68,248.5 0 0
pixly/core/converter/image.go:250.8,252.3 1 0
pixly/core/converter/image.go:255.2,262.16 4 0
pixly/core/converter/image.go:262.16,263.86 1 0
pixly/core/converter/image.go:263.87,265.4 0 0
pixly/core/converter/image.go:266.3,266.87 1 0
pixly/core/converter/image.go:270.2,270.54 1 0
pixly/core/converter/image.go:270.54,271.86 1 0
pixly/core/converter/image.go:271.87,273.4 0 0
pixly/core/converter/image.go:274.3,277.72 4 0
pixly/core/converter/image.go:281.2,281.99 1 0
pixly/core/converter/image.go:281.99,283.3 1 0
pixly/core/converter/image.go:287.2,287.24 1 0
pixly/core/converter/image.go:292.82,299.2 2 0
pixly/core/converter/image.go:302.81,309.2 2 0
pixly/core/converter/image.go:312.82,314.29 1 0
pixly/core/converter/image.go:314.29,319.3 4 0
pixly/core/converter/image.go:321.2,327.48 2 0
pixly/core/converter/image.go:331.87,337.15 4 0
pixly/core/converter/image.go:337.15,339.3 1 0
pixly/core/converter/image.go:339.8,341.81 2 0
pixly/core/converter/image.go:341.81,343.4 1 0
pixly/core/converter/image.go:347.2,357.16 3 0
pixly/core/converter/image.go:357.16,358.86 1 0
pixly/core/converter/image.go:358.87,360.4 0 0
pixly/core/converter/image.go:361.3,361.109 1 0
pixly/core/converter/image.go:365.2,365.54 1 0
pixly/core/converter/image.go:365.54,366.86 1 0
pixly/core/converter/image.go:366.87,368.4 0 0
pixly/core/converter/image.go:369.3,372.76 4 0
pixly/core/converter/image.go:376.2,376.15 1 0
pixly/core/converter/image.go:376.15,377.95 1 0
pixly/core/converter/image.go:377.95,379.4 1 0
pixly/core/converter/image.go:381.3,381.25 1 0
pixly/core/converter/image.go:385.2,385.95 1 0
pixly/core/converter/image.go:385.95,387.3 1 0
pixly/core/converter/image.go:388.2,388.24 1 0
pixly/core/converter/image.go:392.75,406.15 6 0
pixly/core/converter/image.go:406.15,408.16 2 0
pixly/core/converter/image.go:408.16,409.38 1 0
pixly/core/converter/image.go:409.38,410.76 1 0
pixly/core/converter/image.go:410.77,412.6 0 0
pixly/core/converter/image.go:415.8,417.81 2 0
pixly/core/converter/image.go:417.81,419.4 1 0
pixly/core/converter/image.go:422.2,428.20 4 0
pixly/core/converter/image.go:428.20,430.30 1 0
pixly/core/converter/image.go:430.30,435.4 4 0
pixly/core/converter/image.go:438.3,439.66 2 0
pixly/core/converter/image.go:439.67,441.4 0 0
pixly/core/converter/image.go:443.3,454.17 4 0
pixly/core/converter/image.go:454.17,455.79 1 0
pixly/core/converter/image.go:455.80,457.5 0 0
pixly/core/converter/image.go:458.4,458.96 1 0
pixly/core/converter/image.go:461.3,462.43 2 0
pixly/core/converter/image.go:464.8,466.3 1 0
pixly/core/converter/image.go:469.2,469.15 1 0
pixly/core/converter/image.go:469.15,470.21 1 0
pixly/core/converter/image.go:470.21,471.67 1 0
pixly/core/converter/image.go:471.68,473.5 0 0
pixly/core/converter/image.go:478.2,486.37 2 0
pixly/core/converter/image.go:486.37,494.3 1 0
pixly/core/converter/image.go:496.2,500.16 3 0
pixly/core/converter/image.go:500.16,518.17 4 0
pixly/core/converter/image.go:518.17,520.4 1 0
pixly/core/converter/image.go:523.2,526.54 2 0
pixly/core/converter/image.go:526.54,531.3 4 0
pixly/core/converter/image.go:533.2,536.15 2 0
pixly/core/converter/image.go:536.15,539.95 2 0
pixly/core/converter/image.go:539.95,541.4 1 0
pixly/core/converter/image.go:543.3,546.25 3 0
pixly/core/converter/image.go:547.8,550.96 2 0
pixly/core/converter/image.go:550.96,552.4 1 0
pixly/core/converter/image.go:553.3,553.80 1 0
pixly/core/converter/image.go:556.2,557.24 2 0
pixly/core/converter/memory_pool.go:18.58,21.28 1 1
pixly/core/converter/memory_pool.go:21.28,23.5 1 0
pixly/core/converter/memory_pool.go:30.33,31.38 1 0
pixly/core/converter/memory_pool.go:31.38,32.31 1 0
pixly/core/converter/memory_pool.go:32.31,34.4 1 0
pixly/core/converter/memory_pool.go:37.2,37.21 1 0
pixly/core/converter/memory_pool.go:41.36,43.2 1 0
pixly/core/converter/memory_pool.go:70.71,78.46 2 1
pixly/core/converter/memory_pool.go:78.46,82.3 3 0
pixly/core/converter/memory_pool.go:85.2,85.51 1 1
pixly/core/converter/memory_pool.go:85.51,88.3 2 0
pixly/core/converter/memory_pool.go:91.2,91.56 1 1
pixly/core/converter/memory_pool.go:91.56,94.3 2 0
pixly/core/converter/memory_pool.go:96.2,96.11 1 1
pixly/core/converter/memory_pool.go:100.42,108.2 4 0
pixly/core/converter/memory_pool.go:111.45,112.33 1 0
pixly/core/converter/memory_pool.go:112.33,115.3 1 0
pixly/core/converter/memory_pool.go:118.2,121.25 2 0
pixly/core/converter/memory_pool.go:125.49,135.2 5 0
pixly/core/converter/memory_pool.go:138.53,139.17 1 0
pixly/core/converter/memory_pool.go:139.17,141.3 1 0
pixly/core/converter/memory_pool.go:144.2,146.27 2 0
pixly/core/converter/memory_pool.go:150.63,160.2 5 0
pixly/core/converter/memory_pool.go:163.69,164.19 1 0
pixly/core/converter/memory_pool.go:164.19,166.3 1 0
pixly/core/converter/memory_pool.go:169.2,171.27 2 0
pixly/core/converter/memory_pool.go:175.51,179.2 3 0
pixly/core/converter/memory_pool.go:182.36,187.2 3 0
pixly/core/converter/memory_pool.go:190.92,195.29 4 0
pixly/core/converter/memory_pool.go:195.29,197.3 1 0
pixly/core/converter/memory_pool.go:199.2,200.31 2 0
pixly/core/converter/memory_pool.go:200.31,202.3 1 0
pixly/core/converter/memory_pool.go:204.2,205.29 2 0
pixly/core/converter/memory_pool.go:205.29,207.3 1 0
pixly/core/converter/memory_pool.go:209.2,209.8 1 0
pixly/core/converter/memory_pool.go:213.35,215.2 0 0
pixly/core/converter/memory_pool.go:218.33,220.46 1 0
pixly/core/converter/memory_pool.go:220.46,223.3 2 0
pixly/core/converter/memory_pool.go:224.2,224.51 1 0
pixly/core/converter/memory_pool.go:224.51,226.3 1 0
pixly/core/converter/memory_pool.go:227.2,227.56 1 0
pixly/core/converter/memory_pool.go:227.56,229.3 1 0
pixly/core/converter/memory_pool.go:241.58,242.27 1 1
pixly/core/converter/memory_pool.go:242.27,244.3 1 1
pixly/core/converter/memory_pool.go:245.2,245.25 1 1
pixly/core/converter/metadata.go:26.113,32.2 1 1
pixly/core/converter/metadata.go:35.81,39.71 1 0
pixly/core/converter/metadata.go:39.71,41.3 1 0
pixly/core/converter/metadata.go:45.2,54.16 4 0
pixly/core/converter/metadata.go:54.16,56.3 1 0
pixly/core/converter/metadata.go:60.2,60.12 1 0
pixly/core/converter/metadata.go:64.109,68.71 1 0
pixly/core/converter/metadata.go:68.71,70.3 1 0
pixly/core/converter/metadata.go:73.2,78.33 2 0
pixly/core/converter/metadata.go:78.33,80.3 1 0
pixly/core/converter/metadata.go:83.2,87.16 4 0
pixly/core/converter/metadata.go:87.16,89.3 1 0
pixly/core/converter/metadata.go:93.2,93.12 1 0
pixly/core/converter/metadata.go:124.41,126.2 1 0
pixly/core/converter/metadata.go:129.38,129.76 1 0
pixly/core/converter/metadata.go:130.38,130.77 1 0
pixly/core/converter/metadata.go:131.38,131.77 1 0
pixly/core/converter/metadata.go:132.38,132.76 1 0
pixly/core/converter/metadata.go:139.40,141.29 2 0
pixly/core/converter/metadata.go:141.29,143.3 1 0
pixly/core/converter/metadata.go:144.2,144.13 1 0
pixly/core/converter/metadata.go:152.42,153.17 1 0
pixly/core/converter/metadata.go:153.17,155.3 1 0
pixly/core/converter/metadata.go:156.2,156.19 1 0
pixly/core/converter/metadata.go:164.46,165.16 1 0
pixly/core/converter/metadata.go:165.16,167.3 1 0
pixly/core/converter/metadata.go:168.2,168.19 1 0
pixly/core/converter/metadata.go:172.84,176.71 1 0
pixly/core/converter/metadata.go:176.71,178.3 1 0
pixly/core/converter/metadata.go:182.2,190.16 4 0
pixly/core/converter/metadata.go:190.16,192.3 1 0
pixly/core/converter/metadata.go:195.2,196.58 2 0
pixly/core/converter/metadata.go:196.58,198.3 1 0
pixly/core/converter/metadata.go:201.2,202.23 2 0
pixly/core/converter/metadata.go:202.23,203.39 1 0
pixly/core/converter/metadata.go:203.39,205.4 1 0
pixly/core/converter/metadata.go:209.2,209.22 1 0
pixly/core/converter/metadata.go:213.68,217.71 1 0
pixly/core/converter/metadata.go:217.71,219.3 1 0
pixly/core/converter/metadata.go:223.2,230.16 4 0
pixly/core/converter/metadata.go:230.16,232.95 1 0
pixly/core/converter/metadata.go:232.95,234.4 1 0
pixly/core/converter/metadata.go:236.3,236.82 1 0
pixly/core/converter/metadata.go:240.2,240.12 1 0
pixly/core/converter/metadata.go:267.80,272.16 2 0
pixly/core/converter/metadata.go:272.16,274.3 1 0
pixly/core/converter/metadata.go:276.2,284.16 3 0
pixly/core/converter/metadata.go:284.16,289.3 2 0
pixly/core/converter/metadata.go:291.2,298.22 3 0
pixly/core/converter/metadata.go:302.96,304.46 1 0
pixly/core/converter/metadata.go:304.46,306.3 1 0
pixly/core/converter/metadata.go:309.2,309.45 1 0
pixly/core/converter/metadata.go:309.45,310.48 1 0
pixly/core/converter/metadata.go:310.48,312.4 1 0
pixly/core/converter/metadata.go:314.2,314.47 1 0
pixly/core/converter/metadata.go:314.47,315.49 1 0
pixly/core/converter/metadata.go:315.49,317.4 1 0
pixly/core/converter/metadata.go:321.2,321.50 1 0
pixly/core/converter/metadata.go:321.50,323.3 1 0
pixly/core/converter/metadata.go:326.2,326.51 1 0
pixly/core/converter/metadata.go:326.51,327.75 1 0
pixly/core/converter/metadata.go:327.75,329.4 1 0
pixly/core/converter/metadata.go:333.2,333.52 1 0
pixly/core/converter/metadata.go:333.52,335.3 1 0
pixly/core/converter/metadata.go:338.2,338.52 1 0
pixly/core/converter/metadata.go:338.52,339.54 1 0
pixly/core/converter/metadata.go:339.54,341.4 1 0
pixly/core/converter/metadata.go:345.2,345.50 1 0
pixly/core/converter/metadata.go:345.50,346.75 1 0
pixly/core/converter/metadata.go:346.75,348.4 1 0
pixly/core/converter/metadata.go:352.2,352.41 1 0
pixly/core/converter/metadata.go:352.41,354.3 1 0
pixly/core/converter/metadata.go:355.2,355.43 1 0
pixly/core/converter/metadata.go:355.43,357.3 1 0
pixly/core/converter/metadata.go:360.2,360.36 1 0
pixly/core/converter/metadata.go:360.36,361.46 1 0
pixly/core/converter/metadata.go:361.46,363.4 1 0
pixly/core/converter/metadata.go:365.2,365.54 1 0
pixly/core/converter/metadata.go:365.54,367.3 1 0
pixly/core/converter/metadata.go:368.2,368.44 1 0
pixly/core/converter/metadata.go:368.44,370.3 1 0
pixly/core/converter/metadata.go:373.2,373.47 1 0
pixly/core/converter/metadata.go:373.47,375.3 1 0
pixly/core/converter/metadata.go:376.2,376.48 1 0
pixly/core/converter/metadata.go:376.48,378.3 1 0
pixly/core/converter/metadata.go:382.83,387.16 2 0
pixly/core/converter/metadata.go:387.16,389.3 1 0
pixly/core/converter/metadata.go:392.2,392.47 1 0
pixly/core/converter/metadata.go:392.47,394.3 1 0
pixly/core/converter/metadata.go:397.2,401.84 3 0
pixly/core/converter/metadata.go:401.84,403.3 1 0
pixly/core/converter/metadata.go:406.2,407.16 2 0
pixly/core/converter/metadata.go:407.16,409.3 1 0
pixly/core/converter/metadata.go:412.2,413.35 2 0
pixly/core/converter/metadata.go:413.35,419.3 1 0
pixly/core/converter/metadata.go:423.2,423.12 1 0
pixly/core/converter/metadata.go:427.122,431.69 1 0
pixly/core/converter/metadata.go:431.69,433.3 1 0
pixly/core/converter/metadata.go:436.2,437.16 2 0
pixly/core/converter/metadata.go:437.16,439.3 1 0
pixly/core/converter/metadata.go:441.2,442.16 2 0
pixly/core/converter/metadata.go:442.16,444.3 1 0
pixly/core/converter/metadata.go:447.2,448.51 2 0
pixly/core/converter/metadata.go:448.51,451.3 1 0
pixly/core/converter/metadata.go:455.2,455.12 1 0
pixly/core/converter/metadata.go:459.97,464.16 2 0
pixly/core/converter/metadata.go:464.16,466.3 1 0
pixly/core/converter/metadata.go:468.2,469.16 2 0
pixly/core/converter/metadata.go:469.16,471.3 1 0
pixly/core/converter/metadata.go:474.2,475.16 2 0
pixly/core/converter/metadata.go:475.16,477.3 1 0
pixly/core/converter/metadata.go:479.2,480.16 2 0
pixly/core/converter/metadata.go:480.16,482.3 1 0
pixly/core/converter/metadata.go:485.2,515.37 5 0
pixly/core/converter/metadata.go:515.37,516.47 1 0
pixly/core/converter/metadata.go:516.47,517.24 1 0
pixly/core/converter/metadata.go:517.24,523.5 2 0
pixly/core/converter/metadata.go:524.9,527.4 2 0
pixly/core/converter/metadata.go:531.2,531.29 1 0
pixly/core/converter/metadata.go:531.29,532.43 1 0
pixly/core/converter/metadata.go:532.43,535.4 2 0
pixly/core/converter/metadata.go:538.2,543.22 4 0
pixly/core/converter/metadata.go:543.22,545.3 1 0
pixly/core/converter/metadata.go:549.2,549.24 1 0
pixly/core/converter/metadata.go:553.133,558.16 2 0
pixly/core/converter/metadata.go:558.16,560.3 1 0
pixly/core/converter/metadata.go:563.2,564.16 2 0
pixly/core/converter/metadata.go:564.16,566.3 1 0
pixly/core/converter/metadata.go:569.2,574.25 3 0
pixly/core/converter/path_security.go:21.121,27.2 1 0
pixly/core/converter/path_security.go:39.52,47.2 1 0
pixly/core/converter/path_security.go:50.100,55.16 2 0
pixly/core/converter/path_security.go:55.16,57.3 1 0
pixly/core/converter/path_security.go:60.2,61.16 2 0
pixly/core/converter/path_security.go:61.16,62.25 1 0
pixly/core/converter/path_security.go:62.25,64.4 1 0
pixly/core/converter/path_security.go:65.3,65.63 1 0
pixly/core/converter/path_security.go:69.2,69.47 1 0
pixly/core/converter/path_security.go:69.47,71.3 1 0
pixly/core/converter/path_security.go:74.2,74.28 1 0
pixly/core/converter/path_security.go:74.28,75.60 1 0
pixly/core/converter/path_security.go:75.60,77.4 1 0
pixly/core/converter/path_security.go:81.2,81.28 1 0
pixly/core/converter/path_security.go:81.28,82.60 1 0
pixly/core/converter/path_security.go:82.60,84.4 1 0
pixly/core/converter/path_security.go:88.2,88.23 1 0
pixly/core/converter/path_security.go:88.23,89.79 1 0
pixly/core/converter/path_security.go:89.79,91.4 1 0
pixly/core/converter/path_security.go:95.2,95.24 1 0
pixly/core/converter/path_security.go:95.24,96.80 1 0
pixly/core/converter/path_security.go:96.80,98.4 1 0
pixly/core/converter/path_security.go:102.2,102.12 1 0
pixly/core/converter/path_security.go:106.77,107.54 1 0
pixly/core/converter/path_security.go:107.54,109.3 1 0
pixly/core/converter/path_security.go:111.2,111.68 1 0
pixly/core/converter/path_security.go:111.68,113.17 2 0
pixly/core/converter/path_security.go:113.17,115.12 2 0
pixly/core/converter/path_security.go:118.3,118.66 1 0
pixly/core/converter/path_security.go:118.66,120.4 1 0
pixly/core/converter/path_security.go:123.2,123.82 1 0
pixly/core/converter/path_security.go:127.77,128.72 1 0
pixly/core/converter/path_security.go:128.72,130.17 2 0
[...]
pixly/core/converter/tool_manager.go:80.8,82.3 1 0
pixly/core/converter/tool_manager.go:84.2,84.19 1 0
pixly/core/converter/tool_manager.go:88.72,90.16 2 0
pixly/core/converter/tool_manager.go:90.16,92.3 1 0
pixly/core/converter/tool_manager.go:93.2,93.18 1 0
pixly/core/converter/tool_manager.go:97.91,99.37 1 0
pixly/core/converter/tool_manager.go:99.37,101.3 1 0
pixly/core/converter/tool_manager.go:104.2,104.60 1 0
pixly/core/converter/tool_manager.go:104.60,109.3 2 0
pixly/core/converter/tool_manager.go:112.2,114.40 2 0
pixly/core/converter/tool_manager.go:114.40,116.3 1 0
pixly/core/converter/tool_manager.go:118.2,118.58 1 0
pixly/core/converter/tool_manager.go:118.58,119.31 1 0
pixly/core/converter/tool_manager.go:119.31,124.4 2 0
pixly/core/converter/tool_manager.go:128.2,133.66 6 0
pixly/core/converter/tool_manager.go:137.78,140.16 2 0
pixly/core/converter/tool_manager.go:140.16,142.3 1 0
pixly/core/converter/tool_manager.go:145.2,145.51 1 0
pixly/core/converter/tool_manager.go:145.51,150.3 4 0
pixly/core/converter/tool_manager.go:152.2,152.28 1 0
pixly/core/converter/tool_manager.go:156.99,159.27 2 0
pixly/core/converter/tool_manager.go:159.27,161.64 1 0
pixly/core/converter/tool_manager.go:161.64,163.75 1 0
pixly/core/converter/tool_manager.go:163.75,166.5 1 0
pixly/core/converter/tool_manager.go:166.10,170.5 1 0
pixly/core/converter/tool_manager.go:171.9,173.4 1 0
pixly/core/converter/tool_manager.go:176.2,176.47 1 0
pixly/core/converter/tool_manager.go:180.81,185.25 3 1
pixly/core/converter/tool_manager.go:185.25,193.17 5 1
pixly/core/converter/tool_manager.go:193.17,195.13 1 1
pixly/core/converter/tool_manager.go:195.14,197.5 0 0
pixly/core/converter/tool_manager.go:198.4,198.22 1 1
pixly/core/converter/tool_manager.go:202.3,202.39 1 0
pixly/core/converter/tool_manager.go:202.39,207.4 2 0
pixly/core/converter/tool_manager.go:210.3,210.47 1 0
pixly/core/converter/tool_manager.go:210.47,215.4 2 0
pixly/core/converter/tool_manager.go:218.3,218.13 1 0
pixly/core/converter/tool_manager.go:218.13,223.4 1 0
pixly/core/converter/tool_manager.go:223.9,228.4 1 0
pixly/core/converter/tool_manager.go:231.2,231.20 1 0
pixly/core/converter/video.go:23.67,34.16 4 0
pixly/core/converter/video.go:34.16,36.3 1 0
pixly/core/converter/video.go:38.2,43.29 4 0
pixly/core/converter/video.go:43.29,44.40 1 0
pixly/core/converter/video.go:44.40,47.31 2 0
pixly/core/converter/video.go:47.31,48.45 1 0
pixly/core/converter/video.go:48.45,50.6 1 0
pixly/core/converter/video.go:50.11,50.48 1 0
pixly/core/converter/video.go:50.48,52.6 1 0
pixly/core/converter/video.go:54.9,54.47 1 0
pixly/core/converter/video.go:54.47,58.31 3 0
pixly/core/converter/video.go:58.31,59.47 1 0
pixly/core/converter/video.go:59.47,61.6 1 0
pixly/core/converter/video.go:64.4,64.21 1 0
pixly/core/converter/video.go:65.17,66.32 1 0
pixly/core/converter/video.go:66.32,67.43 1 0
pixly/core/converter/video.go:67.43,69.7 1 0
pixly/core/converter/video.go:69.12,69.51 1 0
pixly/core/converter/video.go:69.51,71.7 1 0
pixly/core/converter/video.go:71.12,71.57 1 0
pixly/core/converter/video.go:71.57,73.46 2 0
pixly/core/converter/video.go:73.46,75.32 2 0
pixly/core/converter/video.go:75.32,78.20 3 0
pixly/core/converter/video.go:78.20,80.10 1 0
pixly/core/converter/video.go:82.13,84.8 1 0
pixly/core/converter/video.go:85.12,85.53 1 0
pixly/core/converter/video.go:85.53,87.7 1 0
pixly/core/converter/video.go:87.12,87.55 1 0
pixly/core/converter/video.go:87.55,89.7 1 0
pixly/core/converter/video.go:91.17,93.32 2 0
pixly/core/converter/video.go:93.32,94.48 1 0
pixly/core/converter/video.go:94.48,96.7 1 0
pixly/core/converter/video.go:103.2,103.24 1 0
pixly/core/converter/video.go:103.24,105.3 1 0
pixly/core/converter/video.go:106.2,106.21 1 0
pixly/core/converter/video.go:106.21,108.3 1 0
pixly/core/converter/video.go:109.2,109.22 1 0
pixly/core/converter/video.go:109.22,111.3 1 0
pixly/core/converter/video.go:112.2,112.25 1 0
pixly/core/converter/video.go:112.25,114.3 1 0
pixly/core/converter/video.go:115.2,115.22 1 0
pixly/core/converter/video.go:115.22,117.3 1 0
pixly/core/converter/video.go:119.2,119.18 1 0
pixly/core/converter/video.go:123.61,127.25 1 0
pixly/core/converter/video.go:127.25,129.3 1 0
pixly/core/converter/video.go:132.2,132.55 1 0
pixly/core/converter/video.go:132.55,134.3 1 0
pixly/core/converter/video.go:137.2,137.73 1 0
pixly/core/converter/video.go:137.73,139.3 1 0
pixly/core/converter/video.go:141.2,141.14 1 0
pixly/core/converter/video.go:157.107,162.24 3 0
pixly/core/converter/video.go:162.24,165.3 1 0
pixly/core/converter/video.go:165.8,167.30 1 0
pixly/core/converter/video.go:167.30,169.4 1 0
pixly/core/converter/video.go:170.3,170.24 1 0
pixly/core/converter/video.go:170.24,174.4 3 0
pixly/core/converter/video.go:175.3,175.26 1 0
pixly/core/converter/video.go:175.26,177.4 1 0
pixly/core/converter/video.go:178.3,178.30 1 0
pixly/core/converter/video.go:178.30,180.4 1 0
pixly/core/converter/video.go:181.3,181.32 1 0
pixly/core/converter/video.go:181.32,183.4 1 0
pixly/core/converter/video.go:187.2,193.53 4 0
pixly/core/converter/video.go:193.53,195.3 1 0
pixly/core/converter/video.go:197.2,197.24 1 0
pixly/core/converter/video.go:201.73,203.63 1 0
pixly/core/converter/video.go:203.63,205.3 1 0
pixly/core/converter/video.go:208.2,208.63 1 0
pixly/core/converter/video.go:208.63,210.3 1 0
pixly/core/converter/video.go:213.2,214.61 1 0
pixly/core/converter/video.go:214.61,216.3 1 0
pixly/core/converter/video.go:219.2,219.13 1 0
pixly/core/converter/video.go:223.67,226.16 2 0
pixly/core/converter/video.go:226.16,228.3 1 0
pixly/core/converter/video.go:231.2,231.44 1 0
pixly/core/converter/video.go:231.44,236.3 1 0
pixly/core/converter/video.go:239.2,243.15 3 0
pixly/core/converter/video.go:243.15,245.16 2 0
pixly/core/converter/video.go:245.16,246.69 1 0
pixly/core/converter/video.go:246.70,248.5 0 0
pixly/core/converter/video.go:251.3,259.17 3 0
pixly/core/converter/video.go:259.17,261.4 1 0
pixly/core/converter/video.go:264.3,264.89 1 0
pixly/core/converter/video.go:264.89,266.4 1 0
pixly/core/converter/video.go:268.3,268.25 1 0
pixly/core/converter/video.go:272.2,277.47 2 0
pixly/core/converter/video.go:281.66,284.16 2 0
pixly/core/converter/video.go:284.16,286.3 1 0
pixly/core/converter/video.go:289.2,289.44 1 0
pixly/core/converter/video.go:289.44,294.3 1 0
pixly/core/converter/video.go:296.2,301.47 2 0
pixly/core/converter/video.go:310.35,312.16 2 0
pixly/core/converter/video.go:312.16,314.3 1 0
pixly/core/converter/video.go:315.2,315.10 1 0
pixly/core/converter/video.go:319.29,321.16 2 0
pixly/core/converter/video.go:321.16,323.3 1 0
pixly/core/converter/video.go:324.2,324.10 1 0
pixly/core/converter/video.go:330.63,332.16 2 0
pixly/core/converter/video.go:332.16,334.3 1 0
pixly/core/converter/video.go:335.2,335.28 1 0
pixly/core/converter/video.go:341.76,345.54 2 0
pixly/core/converter/video.go:345.54,348.3 1 0
pixly/core/converter/video.go:351.2,352.16 2 0
pixly/core/converter/video.go:352.16,354.3 1 0
pixly/core/converter/video.go:357.2,357.44 1 0
pixly/core/converter/video.go:357.44,362.3 1 0
pixly/core/converter/video.go:365.2,365.29 1 0
pixly/core/converter/watchdog.go:72.88,84.2 2 1
pixly/core/converter/watchdog.go:87.36,88.23 1 1
pixly/core/converter/watchdog.go:88.23,90.3 1 0
pixly/core/converter/watchdog.go:94.2,94.16 1 1
pixly/core/converter/watchdog.go:98.35,100.9 2 1
pixly/core/converter/watchdog.go:101.19,101.19 0 1
pixly/core/converter/watchdog.go:103.37,104.41 1 0
pixly/core/converter/watchdog.go:109.97,110.23 1 0
pixly/core/converter/watchdog.go:110.23,112.3 1 0
pixly/core/converter/watchdog.go:114.2,118.34 3 0
pixly/core/converter/watchdog.go:118.34,120.33 1 0
pixly/core/converter/watchdog.go:120.33,122.4 1 0
pixly/core/converter/watchdog.go:125.3,125.41 1 0
pixly/core/converter/watchdog.go:125.41,128.4 2 0
pixly/core/converter/watchdog.go:131.3,131.31 1 0
pixly/core/converter/watchdog.go:137.2,137.88 1 0
pixly/core/converter/watchdog.go:137.88,146.22 5 0
pixly/core/converter/watchdog.go:146.22,147.34 1 0
pixly/core/converter/watchdog.go:147.34,150.5 2 0
pixly/core/converter/watchdog.go:157.67,161.56 2 0
pixly/core/converter/watchdog.go:161.56,164.35 2 0
pixly/core/converter/watchdog.go:164.35,170.4 3 0
pixly/core/converter/watchdog.go:171.3,171.19 1 0
pixly/core/converter/watchdog.go:176.107,178.23 1 0
pixly/core/converter/watchdog.go:179.27,184.34 2 0
pixly/core/converter/watchdog.go:184.34,187.4 1 0
pixly/core/converter/watchdog.go:190.3,190.36 1 0
pixly/core/converter/watchdog.go:190.36,197.19 2 0
pixly/core/converter/watchdog.go:197.20,199.5 0 0
pixly/core/converter/watchdog.go:200.4,200.10 1 0
pixly/core/converter/watchdog.go:204.3,204.36 1 0
pixly/core/converter/watchdog.go:204.36,215.4 4 0
pixly/core/converter/watchdog.go:218.3,224.96 2 0
pixly/core/converter/watchdog.go:224.96,227.4 2 0
pixly/core/converter/watchdog.go:227.9,233.4 3 0
pixly/core/converter/watchdog.go:234.10,234.10 0 0
pixly/core/converter/watchdog.go:240.2,242.18 3 0
pixly/core/converter/watchdog.go:246.66,248.23 1 0
pixly/core/converter/watchdog.go:249.27,260.27 3 0
pixly/core/converter/watchdog.go:262.10,266.87 1 0
pixly/core/converter/watchdog.go:271.65,275.16 4 0
pixly/core/converter/watchdog.go:275.16,277.3 1 0
pixly/core/converter/watchdog.go:279.2,280.45 2 0
pixly/core/converter/watchdog.go:284.38,301.6 9 1
pixly/core/converter/watchdog.go:301.6,302.10 1 1
pixly/core/converter/watchdog.go:303.23,305.34 1 1
pixly/core/converter/watchdog.go:305.34,307.5 1 0
pixly/core/converter/watchdog.go:308.4,308.10 1 1
pixly/core/converter/watchdog.go:309.19,311.23 1 0
pixly/core/converter/watchdog.go:312.22,314.24 1 0
pixly/core/converter/watchdog.go:315.27,324.55 5 0
pixly/core/converter/watchdog.go:324.55,326.5 1 0
pixly/core/converter/watchdog.go:332.47,341.23 5 0
pixly/core/converter/watchdog.go:342.27,346.54 1 0
pixly/core/converter/watchdog.go:346.54,353.37 2 0
pixly/core/converter/watchdog.go:353.37,357.5 1 0
pixly/core/converter/watchdog.go:359.10,359.10 0 0
pixly/core/converter/watchdog.go:365.54,367.2 1 0
pixly/core/converter/watchdog.go:370.59,372.23 1 0
pixly/core/converter/watchdog.go:373.27,381.96 2 0
pixly/core/converter/watchdog.go:381.97,384.4 0 0
pixly/core/converter/watchdog.go:385.10,385.10 0 0
pixly/core/converter/watchdog.go:392.46,400.23 7 0
pixly/core/converter/watchdog.go:400.23,402.3 1 0
pixly/core/converter/watchdog.go:405.2,405.21 1 0
pixly/core/converter/watchdog.go:405.21,407.3 1 0
pixly/core/converter/watchdog.go:409.2,414.17 4 0
pixly/core/converter/watchdog.go:414.17,417.3 1 0
pixly/core/converter/watchdog.go:417.8,419.3 1 0
pixly/core/converter/watchdog.go:421.2,421.32 1 0
pixly/core/converter/watchdog.go:421.32,426.3 1 0
pixly/core/converter/watchdog.go:430.49,440.2 1 1
pixly/core/converter/watchdog.go:443.54,453.2 1 0
pixly/core/converter/watchdog.go:456.53,466.2 1 0
pixly/core/converter/worker_pool.go:34.48,38.2 1 0
pixly/core/converter/worker_pool.go:41.53,45.2 3 0
pixly/core/converter/worker_pool.go:48.54,53.2 4 0
pixly/core/converter/worker_pool.go:56.38,60.2 3 0
pixly/core/converter/worker_pool.go:63.50,67.28 4 0
pixly/core/converter/worker_pool.go:67.28,69.3 1 0
pixly/core/converter/worker_pool.go:70.2,70.15 1 0
pixly/core/converter/worker_pool.go:200.44,206.2 1 0
pixly/core/converter/worker_pool.go:209.53,213.2 3 0
pixly/core/converter/worker_pool.go:216.45,220.2 3 0
pixly/core/converter/worker_pool.go:223.58,226.15 3 0
pixly/core/converter/worker_pool.go:226.15,228.3 1 0
pixly/core/converter/worker_pool.go:229.2,229.28 1 0
pixly/core/converter/worker_pool.go:233.87,235.50 1 0
pixly/core/converter/worker_pool.go:235.50,237.3 1 0
pixly/core/converter/worker_pool.go:239.2,239.37 1 0
pixly/core/converter/worker_pool.go:239.37,241.3 1 0
pixly/core/converter/worker_pool.go:242.2,242.14 1 0
pixly/core/converter/worker_pool.go:246.72,252.2 1 0
pixly/core/converter/worker_pool.go:255.110,263.62 5 0
pixly/core/converter/worker_pool.go:263.62,267.3 3 0
pixly/core/converter/worker_pool.go:270.2,270.22 1 0
pixly/core/converter/worker_pool.go:270.22,273.3 2 0
pixly/core/converter/worker_pool.go:273.8,276.3 2 0
pixly/core/converter/worker_pool.go:280.61,284.68 3 0
pixly/core/converter/worker_pool.go:284.68,286.3 1 0
pixly/core/converter/worker_pool.go:287.2,287.28 1 0
pixly/core/converter/worker_pool.go:291.71,292.50 1 0
pixly/core/converter/worker_pool.go:292.50,294.3 1 0
pixly/core/converter/worker_pool.go:296.2,300.31 4 0
pixly/core/converter/worker_pool.go:300.31,302.3 1 0
pixly/core/converter/worker_pool.go:304.2,304.36 1 0
pixly/core/converter/worker_pool.go:304.36,306.3 1 0
pixly/core/converter/worker_pool.go:308.2,308.19 1 0
pixly/core/converter/worker_pool.go:312.116,313.21 1 0
pixly/core/converter/worker_pool.go:313.21,315.3 1 0
pixly/core/converter/worker_pool.go:317.2,332.16 6 0
pixly/core/converter/worker_pool.go:332.16,335.3 2 0
pixly/core/converter/worker_pool.go:338.2,357.44 3 0
pixly/core/converter/worker_pool.go:357.44,361.3 3 0
pixly/core/converter/worker_pool.go:364.2,366.16 2 0
pixly/core/converter/worker_pool.go:370.106,373.2 1 0
pixly/core/converter/worker_pool.go:376.66,377.9 1 0
pixly/core/converter/worker_pool.go:378.23,379.45 1 0
pixly/core/converter/worker_pool.go:380.10,380.10 0 0
pixly/core/converter/worker_pool.go:384.2,384.31 1 0
pixly/core/converter/worker_pool.go:384.31,386.3 1 0
pixly/core/converter/worker_pool.go:390.86,391.9 1 0
pixly/core/converter/worker_pool.go:392.23,393.45 1 0
pixly/core/converter/worker_pool.go:394.10,394.10 0 0
pixly/core/converter/worker_pool.go:398.2,402.31 3 0
pixly/core/converter/worker_pool.go:402.31,404.3 1 0
pixly/core/converter/worker_pool.go:408.61,410.15 2 0
pixly/core/converter/worker_pool.go:410.15,413.31 2 0
pixly/core/converter/worker_pool.go:413.31,419.25 3 0
pixly/core/converter/worker_pool.go:419.25,421.5 1 0
pixly/core/converter/worker_pool.go:424.3,424.59 1 0
pixly/core/converter/worker_pool.go:427.2,429.9 2 0
pixly/core/converter/worker_pool.go:430.23,432.9 2 0
pixly/core/converter/worker_pool.go:433.25,435.9 2 0
pixly/core/converter/worker_pool.go:436.10,436.10 0 0
pixly/core/converter/worker_pool.go:440.2,440.23 1 0
pixly/core/converter/worker_pool.go:440.23,442.3 1 0
pixly/core/converter/worker_pool.go:445.2,450.132 4 0
pixly/core/converter/worker_pool.go:450.133,452.3 0 0
pixly/core/converter/worker_pool.go:457.2,460.25 2 0
pixly/core/converter/worker_pool.go:460.25,465.24 4 0
pixly/core/converter/worker_pool.go:465.24,467.4 1 0
pixly/core/converter/worker_pool.go:468.3,471.28 1 0
pixly/core/converter/worker_pool.go:472.8,477.24 4 0
pixly/core/converter/worker_pool.go:477.24,479.4 1 0
pixly/core/converter/worker_pool.go:484.2,484.48 1 0
pixly/core/converter/worker_pool.go:488.86,493.12 4 0
pixly/core/converter/worker_pool.go:493.12,495.10 2 0
pixly/core/converter/worker_pool.go:496.29,496.29 0 0
pixly/core/converter/worker_pool.go:497.28,499.68 1 0
pixly/core/converter/worker_pool.go:503.2,503.9 1 0
pixly/core/converter/worker_pool.go:504.30,505.16 1 0
pixly/core/converter/worker_pool.go:506.27,518.4 5 0
pixly/core/converter/worker_pool.go:523.75,533.55 3 0
pixly/core/converter/worker_pool.go:533.55,535.10 1 0
pixly/core/converter/worker_pool.go:536.26,537.25 1 0
pixly/core/converter/worker_pool.go:538.11,538.11 0 0
pixly/core/converter/worker_pool.go:542.3,542.44 1 0
pixly/core/converter/worker_pool.go:542.44,553.4 4 0
pixly/core/converter/worker_pool.go:556.3,556.16 1 0
pixly/core/converter/worker_pool.go:556.16,561.4 4 0
pixly/core/converter/worker_pool.go:564.3,564.50 1 0
pixly/core/converter/worker_pool.go:564.50,575.4 4 0
pixly/core/converter/worker_pool.go:578.3,578.60 1 0
pixly/core/converter/worker_pool.go:578.60,589.4 4 0
pixly/core/converter/worker_pool.go:592.3,592.59 1 0
pixly/core/converter/worker_pool.go:592.59,603.4 4 0
pixly/core/converter/worker_pool.go:606.3,606.65 1 0
pixly/core/converter/worker_pool.go:606.65,617.4 4 0
pixly/core/converter/worker_pool.go:619.3,619.13 1 0
pixly/core/converter/worker_pool.go:622.2,622.16 1 0
pixly/core/converter/worker_pool.go:622.16,627.44 3 0
pixly/core/converter/worker_pool.go:627.44,628.47 1 0
pixly/core/converter/worker_pool.go:628.47,631.5 2 0
pixly/core/converter/worker_pool.go:633.3,633.16 1 0
pixly/core/converter/worker_pool.go:636.2,639.29 4 0
pixly/core/converter/worker_pool.go:639.29,641.3 1 0
pixly/core/converter/worker_pool.go:643.2,643.15 1 0
pixly/core/converter/worker_pool.go:647.65,649.46 1 0
pixly/core/converter/worker_pool.go:649.46,651.3 1 0
pixly/core/converter/worker_pool.go:654.2,654.59 1 0
pixly/core/converter/worker_pool.go:654.59,656.3 1 0
pixly/core/converter/worker_pool.go:659.2,659.24 1 0
pixly/core/converter/worker_pool.go:659.25,662.3 0 0
pixly/core/converter/worker_pool.go:664.2,664.12 1 0
pixly/core/converter/worker_pool.go:668.71,670.27 1 0
pixly/core/converter/worker_pool.go:670.27,674.3 2 0
pixly/core/converter/worker_pool.go:677.2,680.32 2 0
pixly/core/converter/worker_pool.go:680.32,683.3 1 0
pixly/core/converter/worker_pool.go:685.2,685.12 1 0
pixly/core/converter/worker_pool.go:689.99,699.2 3 0
pixly/core/converter/worker_pool.go:702.98,704.27 1 0
pixly/core/converter/worker_pool.go:704.27,706.3 1 0
pixly/core/converter/worker_pool.go:712.2,712.30 1 0
pixly/core/converter/worker_pool.go:712.31,714.3 0 0
pixly/core/converter/worker_pool.go:716.2,716.12 1 0
pixly/core/converter/worker_pool.go:720.104,722.64 1 0
pixly/core/converter/worker_pool.go:722.65,724.3 0 0
pixly/core/converter/worker_pool.go:727.2,727.42 1 0
pixly/core/converter/worker_pool.go:727.42,729.3 1 0
pixly/core/converter/worker_pool.go:731.2,731.12 1 0
pixly/core/converter/worker_pool.go:737.72,738.16 1 0
pixly/core/converter/worker_pool.go:739.17,740.16 1 0
pixly/core/converter/worker_pool.go:741.14,742.17 1 0
pixly/core/converter/worker_pool.go:743.14,744.16 1 0
pixly/core/converter/worker_pool.go:745.14,746.17 1 0
pixly/core/converter/worker_pool.go:747.13,748.16 1 0
pixly/core/converter/worker_pool.go:749.10,750.16 1 0
pixly/core/converter/worker_pool.go:754.86,758.2 2 0
pixly/core/converter/worker_pool.go:761.72,765.23 3 0
pixly/core/converter/worker_pool.go:765.23,767.3 1 0
pixly/core/converter/worker_pool.go:772.2,772.48 1 0
pixly/core/converter/worker_pool.go:776.70,780.35 3 0
pixly/core/converter/worker_pool.go:780.35,782.3 1 0
pixly/core/converter/worker_pool.go:783.2,783.67 1 0
pixly/core/converter/worker_pool.go:786.69,792.29 5 0
pixly/core/converter/worker_pool.go:792.29,793.49 1 0
pixly/core/converter/worker_pool.go:793.49,797.4 1 0
pixly/core/converter/worker_pool.go:801.69,802.20 1 0
pixly/core/converter/worker_pool.go:802.20,804.3 1 0
pixly/core/converter/worker_pool.go:807.2,807.53 1 0
pixly/core/converter/worker_pool.go:807.53,810.3 1 0
pixly/core/converter/worker_pool.go:813.2,813.44 1 0
pixly/core/converter/worker_pool.go:813.44,818.3 2 0
pixly/core/converter/worker_pool.go:821.2,821.12 1 0
pixly/core/converter/worker_pool.go:825.53,827.12 2 0
pixly/core/converter/worker_pool.go:827.12,828.7 1 0
pixly/core/converter/worker_pool.go:828.7,829.11 1 0
pixly/core/converter/worker_pool.go:830.30,831.24 1 0
pixly/core/converter/worker_pool.go:832.25,833.11 1 0
pixly/core/converter/worker_pool.go:839.48,843.37 3 0
pixly/core/converter/worker_pool.go:843.37,845.3 1 0
pixly/core/converter/worker_pool.go:846.2,848.37 2 0
pixly/core/converter/worker_pool.go:848.37,852.3 1 0
pixly/core/converter/worker_pool.go:856.62,873.2 4 0
pixly/core/converter/worker_pool.go:876.69,878.2 1 0
pixly/core/converter/worker_pool.go:881.65,883.2 1 0
pixly/core/converter/worker_pool.go:886.61,888.2 1 0
pixly/core/converter/worker_pool.go:891.53,901.2 1 0
pixly/core/converter/worker_pool.go:904.68,915.2 2 0
pixly/core/converter/worker_pool.go:918.45,921.29 2 0
pixly/core/converter/worker_pool.go:921.29,923.3 1 0
pixly/core/converter/worker_pool.go:926.2,930.37 3 0
pixly/core/converter/worker_pool.go:930.37,932.3 1 0
pixly/core/converter/worker_pool.go:933.2,936.12 3 0
